[coderthemes.com/codefox_1.1/light_1/index.html]
[backblue.gif]
[fade.gif]
[index.html]
[coderthemes.com/codefox_1.1/light_1/assets/images/favicon.ico]
[coderthemes.com/codefox_1.1/plugins/chartist/css/chartist.min.css]
[coderthemes.com/codefox_1.1/plugins/bootstrap-select/css/bootstrap-select.min.css]
[coderthemes.com/codefox_1.1/light_1/assets/css/bootstrap.min.css]
[coderthemes.com/codefox_1.1/light_1/assets/css/core.css]
[coderthemes.com/codefox_1.1/light_1/assets/css/components.css]
[coderthemes.com/codefox_1.1/light_1/assets/css/icons.css]
[coderthemes.com/codefox_1.1/light_1/assets/css/pages.css]
[coderthemes.com/codefox_1.1/light_1/assets/css/menu.css]
[coderthemes.com/codefox_1.1/light_1/assets/css/responsive.css]
[coderthemes.com/codefox_1.1/light_1/assets/images/logo.png]
[coderthemes.com/codefox_1.1/light_1/assets/js/modernizr.min.js]
[coderthemes.com/codefox_1.1/light_1/assets/images/logo_sm.png]
[coderthemes.com/codefox_1.1/light_1/assets/images/users/avatar-1.jpg]
[coderthemes.com/codefox_1.1/light_1/ui-typography.html]
[coderthemes.com/codefox_1.1/light_1/ui-panels.html]
[coderthemes.com/codefox_1.1/light_1/ui-buttons.html]
[coderthemes.com/codefox_1.1/light_1/ui-modals.html]
[coderthemes.com/codefox_1.1/light_1/ui-checkbox-radio.html]
[coderthemes.com/codefox_1.1/light_1/ui-tabs.html]
[coderthemes.com/codefox_1.1/light_1/ui-progressbars.html]
[coderthemes.com/codefox_1.1/light_1/ui-notifications.html]
[coderthemes.com/codefox_1.1/light_1/ui-carousel.html]
[coderthemes.com/codefox_1.1/light_1/ui-video.html]
[coderthemes.com/codefox_1.1/light_1/ui-tooltips-popovers.html]
[coderthemes.com/codefox_1.1/light_1/ui-images.html]
[coderthemes.com/codefox_1.1/light_1/ui-bootstrap.html]
[coderthemes.com/codefox_1.1/light_1/icons-colored.html]
[coderthemes.com/codefox_1.1/light_1/icons-materialdesign.html]
[coderthemes.com/codefox_1.1/light_1/icons-dripicons.html]
[coderthemes.com/codefox_1.1/light_1/icons-fontawesome.html]
[coderthemes.com/codefox_1.1/light_1/icons-feather.html]
[coderthemes.com/codefox_1.1/light_1/chart-flot.html]
[coderthemes.com/codefox_1.1/light_1/chart-morris.html]
[coderthemes.com/codefox_1.1/light_1/chart-google.html]
[coderthemes.com/codefox_1.1/light_1/chart-chartist.html]
[coderthemes.com/codefox_1.1/light_1/chart-chartjs.html]
[coderthemes.com/codefox_1.1/light_1/chart-c3.html]
[coderthemes.com/codefox_1.1/light_1/chart-sparkline.html]
[coderthemes.com/codefox_1.1/light_1/chart-knob.html]
[coderthemes.com/codefox_1.1/light_1/form-elements.html]
[coderthemes.com/codefox_1.1/light_1/form-advanced.html]
[coderthemes.com/codefox_1.1/light_1/form-validation.html]
[coderthemes.com/codefox_1.1/light_1/form-pickers.html]
[coderthemes.com/codefox_1.1/light_1/form-wizard.html]
[coderthemes.com/codefox_1.1/light_1/form-mask.html]
[coderthemes.com/codefox_1.1/light_1/form-summernote.html]
[coderthemes.com/codefox_1.1/light_1/form-wysiwig.html]
[coderthemes.com/codefox_1.1/light_1/form-uploads.html]
[coderthemes.com/codefox_1.1/light_1/tables-basic.html]
[coderthemes.com/codefox_1.1/light_1/tables-layouts.html]
[coderthemes.com/codefox_1.1/light_1/tables-datatable.html]
[coderthemes.com/codefox_1.1/light_1/tables-responsive.html]
[coderthemes.com/codefox_1.1/light_1/tables-tablesaw.html]
[coderthemes.com/codefox_1.1/light_1/tables-editable.html]
[coderthemes.com/codefox_1.1/light_1/admin-grid.html]
[coderthemes.com/codefox_1.1/light_1/admin-sweet-alert.html]
[coderthemes.com/codefox_1.1/light_1/admin-widgets.html]
[coderthemes.com/codefox_1.1/light_1/admin-nestable.html]
[coderthemes.com/codefox_1.1/light_1/admin-rangeslider.html]
[coderthemes.com/codefox_1.1/light_1/admin-ratings.html]
[coderthemes.com/codefox_1.1/light_1/calendar.html]
[coderthemes.com/codefox_1.1/light_1/maps-google.html]
[coderthemes.com/codefox_1.1/light_1/maps-vector.html]
[coderthemes.com/codefox_1.1/light_1/maps-mapael.html]
[coderthemes.com/codefox_1.1/light_1/page-starter.html]
[coderthemes.com/codefox_1.1/light_1/page-login.html]
[coderthemes.com/codefox_1.1/light_1/page-register.html]
[coderthemes.com/codefox_1.1/light_1/page-logout.html]
[coderthemes.com/codefox_1.1/light_1/page-recoverpw.html]
[coderthemes.com/codefox_1.1/light_1/page-lock-screen.html]
[coderthemes.com/codefox_1.1/light_1/page-confirm-mail.html]
[coderthemes.com/codefox_1.1/light_1/page-404.html]
[coderthemes.com/codefox_1.1/light_1/page-404-alt.html]
[coderthemes.com/codefox_1.1/light_1/page-500.html]
[coderthemes.com/codefox_1.1/light_1/extras-about.html]
[coderthemes.com/codefox_1.1/light_1/extras-contact.html]
[coderthemes.com/codefox_1.1/light_1/extras-members.html]
[coderthemes.com/codefox_1.1/light_1/extras-timeline.html]
[coderthemes.com/codefox_1.1/light_1/extras-invoice.html]
[coderthemes.com/codefox_1.1/light_1/extras-maintenance.html]
[coderthemes.com/codefox_1.1/light_1/extras-coming-soon.html]
[coderthemes.com/codefox_1.1/light_1/extras-faq.html]
[coderthemes.com/codefox_1.1/light_1/extras-pricing.html]
[coderthemes.com/codefox_1.1/light_1/assets/images/users/avatar-3.jpg]
[coderthemes.com/codefox_1.1/light_1/assets/images/users/avatar-2.jpg]
[coderthemes.com/codefox_1.1/light_1/assets/js/jquery.min.js]
[coderthemes.com/codefox_1.1/light_1/assets/js/bootstrap.min.js]
[coderthemes.com/codefox_1.1/light_1/assets/js/metisMenu.min.js]
[coderthemes.com/codefox_1.1/light_1/assets/js/waves.js]
[coderthemes.com/codefox_1.1/light_1/assets/js/jquery.slimscroll.js]
[coderthemes.com/codefox_1.1/plugins/bootstrap-select/js/bootstrap-select.min.js]
[coderthemes.com/codefox_1.1/plugins/waypoints/jquery.waypoints.min.js]
[coderthemes.com/codefox_1.1/plugins/counterup/jquery.counterup.min.js]
[coderthemes.com/codefox_1.1/plugins/chartist/js/chartist.min.js]
[coderthemes.com/codefox_1.1/plugins/chartist/js/chartist-plugin-tooltip.min.js]
[coderthemes.com/codefox_1.1/light_1/assets/pages/jquery.dashboard.js]
[coderthemes.com/codefox_1.1/light_1/assets/js/jquery.core.js]
[coderthemes.com/codefox_1.1/light_1/index.html]
[coderthemes.com/codefox_1.1/light_1/ui-typography.html]
[coderthemes.com/codefox_1.1/light_1/ui-panels.html]
[coderthemes.com/codefox_1.1/light_1/ui-buttons.html]
[coderthemes.com/codefox_1.1/light_1/assets/js/jquery.app.js]
[coderthemes.com/codefox_1.1/plugins/custombox/css/custombox.min.css]
[coderthemes.com/codefox_1.1/plugins/custombox/js/custombox.min.js]
[coderthemes.com/codefox_1.1/light_1/ui-modals.html]
[coderthemes.com/codefox_1.1/light_1/ui-checkbox-radio.html]
[coderthemes.com/codefox_1.1/light_1/ui-tabs.html]
[coderthemes.com/codefox_1.1/light_1/ui-progressbars.html]
[coderthemes.com/codefox_1.1/plugins/custombox/js/legacy.min.js]
[coderthemes.com/codefox_1.1/plugins/jquery-toastr/jquery.toast.min.css]
[coderthemes.com/codefox_1.1/plugins/jquery-toastr/jquery.toast.min.js]
[coderthemes.com/codefox_1.1/light_1/ui-notifications.html]
[coderthemes.com/codefox_1.1/light_1/assets/pages/jquery.toastr.js]
[coderthemes.com/codefox_1.1/light_1/assets/images/small/img-1.jpg]
[coderthemes.com/codefox_1.1/light_1/assets/images/small/img-2.jpg]
[coderthemes.com/codefox_1.1/light_1/assets/images/small/img-3.jpg]
[coderthemes.com/codefox_1.1/light_1/assets/images/small/img-4.jpg]
[coderthemes.com/codefox_1.1/light_1/assets/images/small/img-5.jpg]
[coderthemes.com/codefox_1.1/light_1/assets/images/small/img-6.jpg]
[coderthemes.com/codefox_1.1/light_1/ui-carousel.html]
[coderthemes.com/codefox_1.1/light_1/ui-video.html]
[coderthemes.com/codefox_1.1/plugins/tooltipster/tooltipster.bundle.min.css]
[coderthemes.com/codefox_1.1/plugins/tooltipster/tooltipster.bundle.min.js]
[coderthemes.com/codefox_1.1/light_1/ui-tooltips-popovers.html]
[coderthemes.com/codefox_1.1/light_1/assets/pages/jquery.tooltipster.js]
[coderthemes.com/codefox_1.1/light_1/assets/images/users/avatar-6.jpg]
[coderthemes.com/codefox_1.1/light_1/assets/images/users/avatar-5.jpg]
[coderthemes.com/codefox_1.1/light_1/assets/images/users/avatar-4.jpg]
[coderthemes.com/codefox_1.1/light_1/assets/images/users/avatar-7.jpg]
[coderthemes.com/codefox_1.1/light_1/assets/images/users/avatar-8.jpg]
[coderthemes.com/codefox_1.1/light_1/assets/images/users/avatar-9.jpg]
[coderthemes.com/codefox_1.1/light_1/ui-images.html]
[coderthemes.com/codefox_1.1/light_1/ui-bootstrap.html]
[coderthemes.com/codefox_1.1/light_1/assets/images/users/avatar-10.jpg]
[coderthemes.com/codefox_1.1/light_1/assets/images/icons/flash_off.svg]
[coderthemes.com/codefox_1.1/light_1/assets/images/icons/flash_auto.svg]
[coderthemes.com/codefox_1.1/light_1/assets/images/icons/panorama.svg]
[coderthemes.com/codefox_1.1/light_1/assets/images/icons/landscape.svg]
[coderthemes.com/codefox_1.1/light_1/assets/images/icons/night_landscape.svg]
[coderthemes.com/codefox_1.1/light_1/assets/images/icons/sports_mode.svg]
[coderthemes.com/codefox_1.1/light_1/assets/images/icons/portrait_mode.svg]
[coderthemes.com/codefox_1.1/light_1/assets/images/icons/night_portrait.svg]
[coderthemes.com/codefox_1.1/light_1/assets/images/icons/close_up_mode.svg]
[coderthemes.com/codefox_1.1/light_1/assets/images/icons/selfie.svg]
[coderthemes.com/codefox_1.1/light_1/assets/images/icons/gallery.svg]
[coderthemes.com/codefox_1.1/light_1/assets/images/icons/stack_of_photos.svg]
[coderthemes.com/codefox_1.1/light_1/assets/images/icons/add_image.svg]
[coderthemes.com/codefox_1.1/light_1/assets/images/icons/edit_image.svg]
[coderthemes.com/codefox_1.1/light_1/assets/images/icons/remove_image.svg]
[coderthemes.com/codefox_1.1/light_1/assets/images/icons/compact_camera.svg]
[coderthemes.com/codefox_1.1/light_1/assets/images/icons/multiple_cameras.svg]
[coderthemes.com/codefox_1.1/light_1/assets/images/icons/camera.svg]
[coderthemes.com/codefox_1.1/light_1/assets/images/icons/slr_back_side.svg]
[coderthemes.com/codefox_1.1/light_1/assets/images/icons/old_time_camera.svg]
[coderthemes.com/codefox_1.1/light_1/assets/images/icons/camera_addon.svg]
[coderthemes.com/codefox_1.1/light_1/assets/images/icons/camera_identification.svg]
[coderthemes.com/codefox_1.1/light_1/assets/images/icons/start.svg]
[coderthemes.com/codefox_1.1/light_1/assets/images/icons/clapperboard.svg]
[coderthemes.com/codefox_1.1/light_1/assets/images/icons/film.svg]
[coderthemes.com/codefox_1.1/light_1/assets/images/icons/camcorder.svg]
[coderthemes.com/codefox_1.1/light_1/assets/images/icons/camcorder_pro.svg]
[coderthemes.com/codefox_1.1/light_1/assets/images/icons/webcam.svg]
[coderthemes.com/codefox_1.1/light_1/assets/images/icons/integrated_webcam.svg]
[coderthemes.com/codefox_1.1/light_1/assets/images/icons/rotate_camera.svg]
[coderthemes.com/codefox_1.1/light_1/assets/images/icons/switch_camera.svg]
[coderthemes.com/codefox_1.1/light_1/assets/images/icons/photo_reel.svg]
[coderthemes.com/codefox_1.1/light_1/assets/images/icons/film_reel.svg]
[coderthemes.com/codefox_1.1/light_1/assets/images/icons/cable_release.svg]
[coderthemes.com/codefox_1.1/light_1/assets/images/icons/home.svg]
[coderthemes.com/codefox_1.1/light_1/assets/images/icons/icons8_cup.svg]
[coderthemes.com/codefox_1.1/light_1/assets/images/icons/globe.svg]
[coderthemes.com/codefox_1.1/light_1/assets/images/icons/ok.svg]
[coderthemes.com/codefox_1.1/light_1/assets/images/icons/cancel.svg]
[coderthemes.com/codefox_1.1/light_1/assets/images/icons/synchronize.svg]
[coderthemes.com/codefox_1.1/light_1/assets/images/icons/refresh.svg]
[coderthemes.com/codefox_1.1/light_1/assets/images/icons/download.svg]
[coderthemes.com/codefox_1.1/light_1/assets/images/icons/upload.svg]
[coderthemes.com/codefox_1.1/light_1/assets/images/icons/empty_trash.svg]
[coderthemes.com/codefox_1.1/light_1/assets/images/icons/full_trash.svg]
[coderthemes.com/codefox_1.1/light_1/assets/images/icons/folder.svg]
[coderthemes.com/codefox_1.1/light_1/assets/images/icons/opened_folder.svg]
[coderthemes.com/codefox_1.1/light_1/assets/images/icons/document.svg]
[coderthemes.com/codefox_1.1/light_1/assets/images/icons/audio_file.svg]
[coderthemes.com/codefox_1.1/light_1/assets/images/icons/image_file.svg]
[coderthemes.com/codefox_1.1/light_1/assets/images/icons/video_file.svg]
[coderthemes.com/codefox_1.1/light_1/assets/images/icons/print.svg]
[coderthemes.com/codefox_1.1/light_1/assets/images/icons/share.svg]
[coderthemes.com/codefox_1.1/light_1/assets/images/icons/cursor.svg]
[coderthemes.com/codefox_1.1/light_1/assets/images/icons/puzzle.svg]
[coderthemes.com/codefox_1.1/light_1/assets/images/icons/unlock.svg]
[coderthemes.com/codefox_1.1/light_1/assets/images/icons/lock.svg]
[coderthemes.com/codefox_1.1/light_1/assets/images/icons/idea.svg]
[coderthemes.com/codefox_1.1/light_1/assets/images/icons/no_idea.svg]
[coderthemes.com/codefox_1.1/light_1/assets/images/icons/link.svg]
[coderthemes.com/codefox_1.1/light_1/assets/images/icons/broken_link.svg]
[coderthemes.com/codefox_1.1/light_1/assets/images/icons/rating.svg]
[coderthemes.com/codefox_1.1/light_1/assets/images/icons/like_placeholder.svg]
[coderthemes.com/codefox_1.1/light_1/assets/images/icons/like.svg]
[coderthemes.com/codefox_1.1/light_1/assets/images/icons/dislike.svg]
[coderthemes.com/codefox_1.1/light_1/assets/images/icons/info.svg]
[coderthemes.com/codefox_1.1/light_1/assets/images/icons/about.svg]
[coderthemes.com/codefox_1.1/light_1/assets/images/icons/picture.svg]
[coderthemes.com/codefox_1.1/light_1/assets/images/icons/clock.svg]
[coderthemes.com/codefox_1.1/light_1/assets/images/icons/alarm_clock.svg]
[coderthemes.com/codefox_1.1/light_1/assets/images/icons/address_book.svg]
[coderthemes.com/codefox_1.1/light_1/assets/images/icons/contacts.svg]
[coderthemes.com/codefox_1.1/light_1/assets/images/icons/news.svg]
[coderthemes.com/codefox_1.1/light_1/assets/images/icons/binoculars.svg]
[coderthemes.com/codefox_1.1/light_1/assets/images/icons/search.svg]
[coderthemes.com/codefox_1.1/light_1/assets/images/icons/ruler.svg]
[coderthemes.com/codefox_1.1/light_1/assets/images/icons/services.svg]
[coderthemes.com/codefox_1.1/light_1/assets/images/icons/settings.svg]
[coderthemes.com/codefox_1.1/light_1/assets/images/icons/support.svg]
[coderthemes.com/codefox_1.1/light_1/assets/images/icons/frame.svg]
[coderthemes.com/codefox_1.1/light_1/assets/images/icons/menu.svg]
[coderthemes.com/codefox_1.1/light_1/assets/images/icons/key.svg]
[coderthemes.com/codefox_1.1/light_1/assets/images/icons/calendar.svg]
[coderthemes.com/codefox_1.1/light_1/assets/images/icons/calculator.svg]
[coderthemes.com/codefox_1.1/light_1/assets/images/icons/plus.svg]
[coderthemes.com/codefox_1.1/light_1/assets/images/icons/graduation_cap.svg]
[coderthemes.com/codefox_1.1/light_1/assets/images/icons/briefcase.svg]
[coderthemes.com/codefox_1.1/light_1/assets/images/icons/business.svg]
[coderthemes.com/codefox_1.1/light_1/assets/images/icons/signature.svg]
[coderthemes.com/codefox_1.1/light_1/assets/images/icons/safe.svg]
[coderthemes.com/codefox_1.1/light_1/assets/images/icons/advertising.svg]
[coderthemes.com/codefox_1.1/light_1/assets/images/icons/businessman.svg]
[coderthemes.com/codefox_1.1/light_1/assets/images/icons/businesswoman.svg]
[coderthemes.com/codefox_1.1/light_1/assets/images/icons/manager.svg]
[coderthemes.com/codefox_1.1/light_1/assets/images/icons/online_support.svg]
[coderthemes.com/codefox_1.1/light_1/assets/images/icons/assistant.svg]
[coderthemes.com/codefox_1.1/light_1/assets/images/icons/customer_support.svg]
[coderthemes.com/codefox_1.1/light_1/assets/images/icons/reading_ebook.svg]
[coderthemes.com/codefox_1.1/light_1/assets/images/icons/reading.svg]
[coderthemes.com/codefox_1.1/light_1/assets/images/icons/neutral_trading.svg]
[coderthemes.com/codefox_1.1/light_1/assets/images/icons/bullish.svg]
[coderthemes.com/codefox_1.1/light_1/assets/images/icons/bearish.svg]
[coderthemes.com/codefox_1.1/light_1/assets/images/icons/high_priority.svg]
[coderthemes.com/codefox_1.1/light_1/assets/images/icons/medium_priority.svg]
[coderthemes.com/codefox_1.1/light_1/assets/images/icons/low_priority.svg]
[coderthemes.com/codefox_1.1/light_1/assets/images/icons/make_decision.svg]
[coderthemes.com/codefox_1.1/light_1/assets/images/icons/decision.svg]
[coderthemes.com/codefox_1.1/light_1/assets/images/icons/good_decision.svg]
[coderthemes.com/codefox_1.1/light_1/assets/images/icons/neutral_decision.svg]
[coderthemes.com/codefox_1.1/light_1/assets/images/icons/bad_decision.svg]
[coderthemes.com/codefox_1.1/light_1/assets/images/icons/approve.svg]
[coderthemes.com/codefox_1.1/light_1/assets/images/icons/disapprove.svg]
[coderthemes.com/codefox_1.1/light_1/assets/images/icons/podium_without_speaker.svg]
[coderthemes.com/codefox_1.1/light_1/assets/images/icons/podium_with_speaker.svg]
[coderthemes.com/codefox_1.1/light_1/assets/images/icons/podium_with_audience.svg]
[coderthemes.com/codefox_1.1/light_1/assets/images/icons/video_projector.svg]
[coderthemes.com/codefox_1.1/light_1/assets/images/icons/statistics.svg]
[coderthemes.com/codefox_1.1/light_1/assets/images/icons/collaboration.svg]
[coderthemes.com/codefox_1.1/light_1/assets/images/icons/voice_presentation.svg]
[coderthemes.com/codefox_1.1/light_1/assets/images/icons/conference_call.svg]
[coderthemes.com/codefox_1.1/light_1/assets/images/icons/faq.svg]
[coderthemes.com/codefox_1.1/light_1/assets/images/icons/reuse.svg]
[coderthemes.com/codefox_1.1/light_1/assets/images/icons/organization.svg]
[coderthemes.com/codefox_1.1/light_1/assets/images/icons/department.svg]
[coderthemes.com/codefox_1.1/light_1/assets/images/icons/library.svg]
[coderthemes.com/codefox_1.1/light_1/assets/images/icons/shop.svg]
[coderthemes.com/codefox_1.1/light_1/assets/images/icons/self_service_kiosk.svg]
[coderthemes.com/codefox_1.1/light_1/assets/images/icons/donate.svg]
[coderthemes.com/codefox_1.1/light_1/assets/images/icons/currency_exchange.svg]
[coderthemes.com/codefox_1.1/light_1/assets/images/icons/debt.svg]
[coderthemes.com/codefox_1.1/light_1/assets/images/icons/sales_performance.svg]
[coderthemes.com/codefox_1.1/light_1/assets/images/icons/invite.svg]
[coderthemes.com/codefox_1.1/light_1/assets/images/icons/money_transfer.svg]
[coderthemes.com/codefox_1.1/light_1/assets/images/icons/feedback.svg]
[coderthemes.com/codefox_1.1/light_1/assets/images/icons/approval.svg]
[coderthemes.com/codefox_1.1/light_1/assets/images/icons/paid.svg]
[coderthemes.com/codefox_1.1/light_1/assets/images/icons/in_transit.svg]
[coderthemes.com/codefox_1.1/light_1/assets/images/icons/shipped.svg]
[coderthemes.com/codefox_1.1/light_1/assets/images/icons/package.svg]
[coderthemes.com/codefox_1.1/light_1/assets/images/icons/planner.svg]
[coderthemes.com/codefox_1.1/light_1/assets/images/icons/overtime.svg]
[coderthemes.com/codefox_1.1/light_1/assets/images/icons/leave.svg]
[coderthemes.com/codefox_1.1/light_1/assets/images/icons/expired.svg]
[coderthemes.com/codefox_1.1/light_1/assets/images/icons/process.svg]
[coderthemes.com/codefox_1.1/light_1/assets/images/icons/diploma_1.svg]
[coderthemes.com/codefox_1.1/light_1/assets/images/icons/diploma_2.svg]
[coderthemes.com/codefox_1.1/light_1/assets/images/icons/business_contact.svg]
[coderthemes.com/codefox_1.1/light_1/assets/images/icons/survey.svg]
[coderthemes.com/codefox_1.1/light_1/assets/images/icons/inspection.svg]
[coderthemes.com/codefox_1.1/light_1/assets/images/icons/rules.svg]
[coderthemes.com/codefox_1.1/light_1/assets/images/icons/todo_list.svg]
[coderthemes.com/codefox_1.1/light_1/assets/images/icons/ratings.svg]
[coderthemes.com/codefox_1.1/light_1/assets/images/icons/questions.svg]
[coderthemes.com/codefox_1.1/light_1/assets/images/icons/answers.svg]
[coderthemes.com/codefox_1.1/light_1/assets/images/icons/fine_print.svg]
[coderthemes.com/codefox_1.1/light_1/assets/images/icons/candle_sticks.svg]
[coderthemes.com/codefox_1.1/light_1/assets/images/icons/serial_tasks.svg]
[coderthemes.com/codefox_1.1/light_1/assets/images/icons/parallel_tasks.svg]
[coderthemes.com/codefox_1.1/light_1/assets/images/icons/tree_structure.svg]
[coderthemes.com/codefox_1.1/light_1/assets/images/icons/org_unit.svg]
[coderthemes.com/codefox_1.1/light_1/assets/images/icons/privacy.svg]
[coderthemes.com/codefox_1.1/light_1/assets/images/icons/disclaimer.svg]
[coderthemes.com/codefox_1.1/light_1/assets/images/icons/callback.svg]
[coderthemes.com/codefox_1.1/light_1/assets/images/icons/service_mark.svg]
[coderthemes.com/codefox_1.1/light_1/assets/images/icons/registered_trademark.svg]
[coderthemes.com/codefox_1.1/light_1/assets/images/icons/trademark.svg]
[coderthemes.com/codefox_1.1/light_1/assets/images/icons/copyright.svg]
[coderthemes.com/codefox_1.1/light_1/assets/images/icons/copyleft.svg]
[coderthemes.com/codefox_1.1/light_1/assets/images/icons/sound_recording_copyright.svg]
[coderthemes.com/codefox_1.1/light_1/assets/images/icons/butting_in.svg]
[coderthemes.com/codefox_1.1/light_1/assets/images/icons/multiple_inputs.svg]
[coderthemes.com/codefox_1.1/light_1/assets/images/icons/collect.svg]
[coderthemes.com/codefox_1.1/light_1/assets/images/icons/internal.svg]
[coderthemes.com/codefox_1.1/light_1/assets/images/icons/external.svg]
[coderthemes.com/codefox_1.1/light_1/assets/images/icons/vip.svg]
[coderthemes.com/codefox_1.1/light_1/assets/images/icons/light_at_the_end_of_tunnel.svg]
[coderthemes.com/codefox_1.1/light_1/assets/images/icons/entering_heaven_alive.svg]
[coderthemes.com/codefox_1.1/light_1/assets/images/icons/biomass.svg]
[coderthemes.com/codefox_1.1/light_1/assets/images/icons/display.svg]
[coderthemes.com/codefox_1.1/light_1/assets/images/icons/do_not_inhale.svg]
[coderthemes.com/codefox_1.1/light_1/assets/images/icons/factory.svg]
[coderthemes.com/codefox_1.1/light_1/assets/images/icons/factory_breakdown.svg]
[coderthemes.com/codefox_1.1/light_1/assets/images/icons/crystal_oscillator.svg]
[coderthemes.com/codefox_1.1/light_1/assets/images/icons/capacitor.svg]
[coderthemes.com/codefox_1.1/light_1/assets/images/icons/electro_devices.svg]
[coderthemes.com/codefox_1.1/light_1/assets/images/icons/electrical_sensor.svg]
[coderthemes.com/codefox_1.1/light_1/assets/images/icons/electrical_threshold.svg]
[coderthemes.com/codefox_1.1/light_1/assets/images/icons/automotive.svg]
[coderthemes.com/codefox_1.1/light_1/assets/images/icons/feed_in.svg]
[coderthemes.com/codefox_1.1/light_1/assets/images/icons/dam.svg]
[coderthemes.com/codefox_1.1/light_1/assets/images/icons/biotech.svg]
[coderthemes.com/codefox_1.1/light_1/assets/images/icons/advance.svg]
[coderthemes.com/codefox_1.1/light_1/assets/images/icons/cloth.svg]
[coderthemes.com/codefox_1.1/light_1/assets/images/icons/electronics.svg]
[coderthemes.com/codefox_1.1/light_1/assets/images/icons/deployment.svg]
[coderthemes.com/codefox_1.1/light_1/assets/images/icons/automatic.svg]
[coderthemes.com/codefox_1.1/light_1/assets/images/icons/do_not_insert.svg]
[coderthemes.com/codefox_1.1/light_1/assets/images/icons/do_not_mix.svg]
[coderthemes.com/codefox_1.1/light_1/assets/images/icons/biohazard.svg]
[coderthemes.com/codefox_1.1/light_1/assets/images/icons/circuit.svg]
[coderthemes.com/codefox_1.1/light_1/assets/images/icons/engineering.svg]
[coderthemes.com/codefox_1.1/light_1/assets/images/icons/cell_phone.svg]
[coderthemes.com/codefox_1.1/light_1/assets/images/icons/iphone.svg]
[coderthemes.com/codefox_1.1/light_1/assets/images/icons/ipad.svg]
[coderthemes.com/codefox_1.1/light_1/assets/images/icons/phone_android.svg]
[coderthemes.com/codefox_1.1/light_1/assets/images/icons/tablet_android.svg]
[coderthemes.com/codefox_1.1/light_1/assets/images/icons/nook.svg]
[coderthemes.com/codefox_1.1/light_1/assets/images/icons/kindle.svg]
[coderthemes.com/codefox_1.1/light_1/assets/images/icons/two_smartphones.svg]
[coderthemes.com/codefox_1.1/light_1/assets/images/icons/multiple_devices.svg]
[coderthemes.com/codefox_1.1/light_1/assets/images/icons/multiple_smartphones.svg]
[coderthemes.com/codefox_1.1/light_1/assets/images/icons/smartphone_tablet.svg]
[coderthemes.com/codefox_1.1/light_1/assets/images/icons/touchscreen_smartphone.svg]
[coderthemes.com/codefox_1.1/light_1/assets/images/icons/sim_card.svg]
[coderthemes.com/codefox_1.1/light_1/assets/images/icons/sim_card_chip.svg]
[coderthemes.com/codefox_1.1/light_1/assets/images/icons/sms.svg]
[coderthemes.com/codefox_1.1/light_1/assets/images/icons/mms.svg]
[coderthemes.com/codefox_1.1/light_1/assets/images/icons/charge_battery.svg]
[coderthemes.com/codefox_1.1/light_1/assets/images/icons/full_battery.svg]
[coderthemes.com/codefox_1.1/light_1/assets/images/icons/high_battery.svg]
[coderthemes.com/codefox_1.1/light_1/assets/images/icons/middle_battery.svg]
[coderthemes.com/codefox_1.1/light_1/assets/images/icons/low_battery.svg]
[coderthemes.com/codefox_1.1/light_1/assets/images/icons/empty_battery.svg]
[coderthemes.com/codefox_1.1/light_1/assets/images/icons/phone.svg]
[coderthemes.com/codefox_1.1/light_1/assets/images/icons/missed_call.svg]
[coderthemes.com/codefox_1.1/light_1/assets/images/icons/end_call.svg]
[coderthemes.com/codefox_1.1/light_1/assets/images/icons/call_transfer.svg]
[coderthemes.com/codefox_1.1/light_1/assets/images/icons/video_call.svg]
[coderthemes.com/codefox_1.1/light_1/assets/images/icons/no_video.svg]
[coderthemes.com/codefox_1.1/light_1/assets/images/icons/rotate_to_portrait.svg]
[coderthemes.com/codefox_1.1/light_1/assets/images/icons/lock_portrait.svg]
[coderthemes.com/codefox_1.1/light_1/assets/images/icons/rotate_to_landscape.svg]
[coderthemes.com/codefox_1.1/light_1/assets/images/icons/lock_landscape.svg]
[coderthemes.com/codefox_1.1/light_1/assets/images/icons/voicemail.svg]
[coderthemes.com/codefox_1.1/light_1/assets/images/icons/speaker.svg]
[coderthemes.com/codefox_1.1/light_1/assets/images/icons/headset.svg]
[coderthemes.com/codefox_1.1/light_1/assets/images/icons/left_up.svg]
[coderthemes.com/codefox_1.1/light_1/assets/images/icons/right_up.svg]
[coderthemes.com/codefox_1.1/light_1/assets/images/icons/left_down.svg]
[coderthemes.com/codefox_1.1/light_1/assets/images/icons/right_down.svg]
[coderthemes.com/codefox_1.1/light_1/assets/images/icons/left_down2.svg]
[coderthemes.com/codefox_1.1/light_1/assets/images/icons/up_left.svg]
[coderthemes.com/codefox_1.1/light_1/assets/images/icons/down_right.svg]
[coderthemes.com/codefox_1.1/light_1/assets/images/icons/right_up2.svg]
[coderthemes.com/codefox_1.1/light_1/assets/images/icons/up_right.svg]
[coderthemes.com/codefox_1.1/light_1/assets/images/icons/right_down2.svg]
[coderthemes.com/codefox_1.1/light_1/assets/images/icons/left_up2.svg]
[coderthemes.com/codefox_1.1/light_1/assets/images/icons/down_left.svg]
[coderthemes.com/codefox_1.1/light_1/assets/images/icons/undo.svg]
[coderthemes.com/codefox_1.1/light_1/assets/images/icons/redo.svg]
[coderthemes.com/codefox_1.1/light_1/assets/images/icons/filing_cabinet.svg]
[coderthemes.com/codefox_1.1/light_1/assets/images/icons/database.svg]
[coderthemes.com/codefox_1.1/light_1/assets/images/icons/accept_database.svg]
[coderthemes.com/codefox_1.1/light_1/assets/images/icons/add_database.svg]
[coderthemes.com/codefox_1.1/light_1/assets/images/icons/delete_database.svg]
[coderthemes.com/codefox_1.1/light_1/assets/images/icons/data_backup.svg]
[coderthemes.com/codefox_1.1/light_1/assets/images/icons/data_recovery.svg]
[coderthemes.com/codefox_1.1/light_1/assets/images/icons/data_configuration.svg]
[coderthemes.com/codefox_1.1/light_1/assets/images/icons/data_encryption.svg]
[coderthemes.com/codefox_1.1/light_1/assets/images/icons/data_protection.svg]
[coderthemes.com/codefox_1.1/light_1/assets/images/icons/grid.svg]
[coderthemes.com/codefox_1.1/light_1/assets/images/icons/data_sheet.svg]
[coderthemes.com/codefox_1.1/light_1/assets/images/icons/add_column.svg]
[coderthemes.com/codefox_1.1/light_1/assets/images/icons/delete_column.svg]
[coderthemes.com/codefox_1.1/light_1/assets/images/icons/add_row.svg]
[coderthemes.com/codefox_1.1/light_1/assets/images/icons/delete_row.svg]
[coderthemes.com/codefox_1.1/light_1/assets/images/icons/generic_sorting_asc.svg]
[coderthemes.com/codefox_1.1/light_1/assets/images/icons/generic_sorting_desc.svg]
[coderthemes.com/codefox_1.1/light_1/assets/images/icons/alphabetical_sorting_az.svg]
[coderthemes.com/codefox_1.1/light_1/assets/images/icons/alphabetical_sorting_za.svg]
[coderthemes.com/codefox_1.1/light_1/assets/images/icons/numerical_sorting_21.svg]
[coderthemes.com/codefox_1.1/light_1/assets/images/icons/numerical_sorting_12.svg]
[coderthemes.com/codefox_1.1/light_1/assets/images/icons/empty_filter.svg]
[coderthemes.com/codefox_1.1/light_1/assets/images/icons/filled_filter.svg]
[coderthemes.com/codefox_1.1/light_1/assets/images/icons/clear_filters.svg]
[coderthemes.com/codefox_1.1/light_1/assets/images/icons/pie_chart.svg]
[coderthemes.com/codefox_1.1/light_1/assets/images/icons/radar_plot.svg]
[coderthemes.com/codefox_1.1/light_1/assets/images/icons/heat_map.svg]
[coderthemes.com/codefox_1.1/light_1/assets/images/icons/timeline.svg]
[coderthemes.com/codefox_1.1/light_1/assets/images/icons/bar_chart.svg]
[coderthemes.com/codefox_1.1/light_1/assets/images/icons/area_chart.svg]
[coderthemes.com/codefox_1.1/light_1/assets/images/icons/scatter_plot.svg]
[coderthemes.com/codefox_1.1/light_1/assets/images/icons/doughnut_chart.svg]
[coderthemes.com/codefox_1.1/light_1/assets/images/icons/combo_chart.svg]
[coderthemes.com/codefox_1.1/light_1/assets/images/icons/flow_chart.svg]
[coderthemes.com/codefox_1.1/light_1/assets/images/icons/line_chart.svg]
[coderthemes.com/codefox_1.1/light_1/assets/images/icons/genealogy.svg]
[coderthemes.com/codefox_1.1/light_1/assets/images/icons/mind_map.svg]
[coderthemes.com/codefox_1.1/light_1/assets/images/icons/workflow.svg]
[coderthemes.com/codefox_1.1/light_1/assets/images/icons/positive_dynamic.svg]
[coderthemes.com/codefox_1.1/light_1/assets/images/icons/negative_dynamic.svg]
[coderthemes.com/codefox_1.1/light_1/assets/images/icons/export.svg]
[coderthemes.com/codefox_1.1/light_1/assets/images/icons/import.svg]
[coderthemes.com/codefox_1.1/light_1/assets/images/icons/list.svg]
[coderthemes.com/codefox_1.1/light_1/assets/images/icons/template.svg]
[coderthemes.com/codefox_1.1/light_1/icons-colored.html]
[coderthemes.com/codefox_1.1/light_1/icons-materialdesign.html]
[coderthemes.com/codefox_1.1/light_1/icons-dripicons.html]
[coderthemes.com/codefox_1.1/light_1/icons-fontawesome.html]
[coderthemes.com/codefox_1.1/light_1/icons-feather.html]
[coderthemes.com/codefox_1.1/light_1/assets/images/icons/view_details.svg]
[coderthemes.com/codefox_1.1/plugins/flot-chart/jquery.flot.min.js]
[coderthemes.com/codefox_1.1/plugins/flot-chart/jquery.flot.time.js]
[coderthemes.com/codefox_1.1/plugins/flot-chart/jquery.flot.tooltip.min.js]
[coderthemes.com/codefox_1.1/plugins/flot-chart/jquery.flot.resize.js]
[coderthemes.com/codefox_1.1/plugins/flot-chart/jquery.flot.pie.js]
[coderthemes.com/codefox_1.1/plugins/flot-chart/jquery.flot.selection.js]
[coderthemes.com/codefox_1.1/plugins/flot-chart/jquery.flot.stack.js]
[coderthemes.com/codefox_1.1/plugins/flot-chart/jquery.flot.orderBars.min.js]
[coderthemes.com/codefox_1.1/plugins/flot-chart/jquery.flot.crosshair.js]
[coderthemes.com/codefox_1.1/light_1/chart-flot.html]
[coderthemes.com/codefox_1.1/light_1/assets/pages/jquery.flot.init.js]
[coderthemes.com/codefox_1.1/plugins/morris/morris.css]
[coderthemes.com/codefox_1.1/plugins/morris/morris.min.js]
[coderthemes.com/codefox_1.1/light_1/chart-morris.html]
[coderthemes.com/codefox_1.1/plugins/raphael/raphael-min.js]
[coderthemes.com/codefox_1.1/light_1/assets/pages/jquery.morris.init.js]
[coderthemes.com/codefox_1.1/light_1/chart-google.html]
[coderthemes.com/codefox_1.1/light_1/assets/pages/jquery.google-charts.init.js]
[coderthemes.com/codefox_1.1/light_1/chart-chartist.html]
[coderthemes.com/codefox_1.1/light_1/assets/pages/jquery.chartist.init.js]
[coderthemes.com/codefox_1.1/light_1/chart-chartjs.html]
[coderthemes.com/codefox_1.1/plugins/chart.js/chart.min.js]
[coderthemes.com/codefox_1.1/light_1/assets/pages/jquery.chartjs.init.js]
[coderthemes.com/codefox_1.1/plugins/c3/c3.min.css]
[coderthemes.com/codefox_1.1/plugins/d3/d3.min.js]
[coderthemes.com/codefox_1.1/light_1/chart-c3.html]
[coderthemes.com/codefox_1.1/plugins/c3/c3.min.js]
[coderthemes.com/codefox_1.1/light_1/assets/pages/jquery.c3-chart.init.js]
[coderthemes.com/codefox_1.1/plugins/jquery-sparkline/jquery.sparkline.min.js]
[coderthemes.com/codefox_1.1/light_1/chart-sparkline.html]
[coderthemes.com/codefox_1.1/light_1/assets/pages/jquery.charts-sparkline.js]
[coderthemes.com/codefox_1.1/light_1/chart-knob.html]
[coderthemes.com/codefox_1.1/light_1/form-elements.html]
[coderthemes.com/codefox_1.1/plugins/jquery-knob/jquery.knob.js]
[coderthemes.com/codefox_1.1/plugins/bootstrap-tagsinput/css/bootstrap-tagsinput.css]
[coderthemes.com/codefox_1.1/plugins/select2/css/select2.min.css]
[coderthemes.com/codefox_1.1/plugins/bootstrap-touchspin/css/jquery.bootstrap-touchspin.min.css]
[coderthemes.com/codefox_1.1/plugins/switchery/switchery.min.css]
[coderthemes.com/codefox_1.1/plugins/switchery/switchery.min.js]
[coderthemes.com/codefox_1.1/plugins/bootstrap-tagsinput/js/bootstrap-tagsinput.min.js]
[coderthemes.com/codefox_1.1/plugins/select2/js/select2.min.js]
[coderthemes.com/codefox_1.1/plugins/bootstrap-filestyle/js/bootstrap-filestyle.min.js]
[coderthemes.com/codefox_1.1/plugins/bootstrap-touchspin/js/jquery.bootstrap-touchspin.min.js]
[coderthemes.com/codefox_1.1/plugins/bootstrap-maxlength/bootstrap-maxlength.min.js]
[coderthemes.com/codefox_1.1/plugins/autocomplete/jquery.mockjax.js]
[coderthemes.com/codefox_1.1/plugins/autocomplete/jquery.autocomplete.min.js]
[coderthemes.com/codefox_1.1/plugins/autocomplete/countries.js]
[coderthemes.com/codefox_1.1/light_1/assets/pages/jquery.autocomplete.init.js]
[coderthemes.com/codefox_1.1/light_1/form-advanced.html]
[coderthemes.com/codefox_1.1/light_1/assets/pages/jquery.form-advanced.init.js]
[coderthemes.com/codefox_1.1/light_1/form-validation.html]
[coderthemes.com/codefox_1.1/plugins/parsleyjs/parsley.min.js]
[coderthemes.com/codefox_1.1/plugins/timepicker/bootstrap-timepicker.min.css]
[coderthemes.com/codefox_1.1/plugins/bootstrap-colorpicker/css/bootstrap-colorpicker.min.css]
[coderthemes.com/codefox_1.1/plugins/bootstrap-datepicker/css/bootstrap-datepicker.min.css]
[coderthemes.com/codefox_1.1/plugins/clockpicker/css/bootstrap-clockpicker.min.css]
[coderthemes.com/codefox_1.1/plugins/bootstrap-daterangepicker/daterangepicker.css]
[coderthemes.com/codefox_1.1/plugins/moment/moment.js]
[coderthemes.com/codefox_1.1/plugins/timepicker/bootstrap-timepicker.js]
[coderthemes.com/codefox_1.1/plugins/bootstrap-colorpicker/js/bootstrap-colorpicker.min.js]
[coderthemes.com/codefox_1.1/plugins/bootstrap-datepicker/js/bootstrap-datepicker.min.js]
[coderthemes.com/codefox_1.1/plugins/clockpicker/js/bootstrap-clockpicker.min.js]
[coderthemes.com/codefox_1.1/plugins/bootstrap-daterangepicker/daterangepicker.js]
[coderthemes.com/codefox_1.1/light_1/form-pickers.html]
[coderthemes.com/codefox_1.1/light_1/assets/pages/jquery.form-pickers.init.js]
[coderthemes.com/codefox_1.1/plugins/jquery.steps/css/jquery.steps.css]
[coderthemes.com/codefox_1.1/plugins/jquery.steps/js/jquery.steps.min.js]
[coderthemes.com/codefox_1.1/plugins/jquery-validation/js/jquery.validate.min.js]
[coderthemes.com/codefox_1.1/light_1/form-wizard.html]
[coderthemes.com/codefox_1.1/light_1/assets/pages/jquery.wizard-init.js]
[coderthemes.com/codefox_1.1/light_1/form-mask.html]
[coderthemes.com/codefox_1.1/plugins/bootstrap-inputmask/bootstrap-inputmask.min.js]
[coderthemes.com/codefox_1.1/plugins/autoNumeric/autoNumeric.js]
[coderthemes.com/codefox_1.1/plugins/summernote/summernote.css]
[coderthemes.com/codefox_1.1/light_1/form-summernote.html]
[coderthemes.com/codefox_1.1/light_1/form-wysiwig.html]
[coderthemes.com/codefox_1.1/plugins/summernote/summernote.min.js]
[coderthemes.com/codefox_1.1/plugins/jquery.filer/css/jquery.filer.css]
[coderthemes.com/codefox_1.1/plugins/jquery.filer/css/themes/jquery.filer-dragdropbox-theme.css]
[coderthemes.com/codefox_1.1/plugins/bootstrap-fileupload/bootstrap-fileupload.css]
[coderthemes.com/codefox_1.1/plugins/tinymce/tinymce.min.js]
[coderthemes.com/codefox_1.1/plugins/jquery.filer/js/jquery.filer.min.js]
[coderthemes.com/codefox_1.1/plugins/bootstrap-fileupload/bootstrap-fileupload.js]
[coderthemes.com/codefox_1.1/light_1/form-uploads.html]
[coderthemes.com/codefox_1.1/light_1/tables-basic.html]
[coderthemes.com/codefox_1.1/light_1/tables-layouts.html]
[coderthemes.com/codefox_1.1/light_1/assets/pages/jquery.fileuploads.init.js]
[coderthemes.com/codefox_1.1/plugins/datatables/jquery.dataTables.min.css]
[coderthemes.com/codefox_1.1/plugins/datatables/buttons.bootstrap.min.css]
[coderthemes.com/codefox_1.1/plugins/datatables/fixedHeader.bootstrap.min.css]
[coderthemes.com/codefox_1.1/plugins/datatables/responsive.bootstrap.min.css]
[coderthemes.com/codefox_1.1/plugins/datatables/scroller.bootstrap.min.css]
[coderthemes.com/codefox_1.1/plugins/datatables/dataTables.colVis.css]
[coderthemes.com/codefox_1.1/plugins/datatables/dataTables.bootstrap.min.css]
[coderthemes.com/codefox_1.1/plugins/datatables/fixedColumns.dataTables.min.css]
[coderthemes.com/codefox_1.1/plugins/datatables/jquery.dataTables.min.js]
[coderthemes.com/codefox_1.1/plugins/datatables/dataTables.bootstrap.js]
[coderthemes.com/codefox_1.1/plugins/datatables/dataTables.buttons.min.js]
[coderthemes.com/codefox_1.1/plugins/datatables/buttons.bootstrap.min.js]
[coderthemes.com/codefox_1.1/plugins/datatables/jszip.min.js]
[coderthemes.com/codefox_1.1/plugins/datatables/buttons.html5.min.js]
[coderthemes.com/codefox_1.1/plugins/datatables/pdfmake.min.js]
[coderthemes.com/codefox_1.1/plugins/datatables/buttons.print.min.js]
[coderthemes.com/codefox_1.1/plugins/datatables/dataTables.fixedHeader.min.js]
[coderthemes.com/codefox_1.1/plugins/datatables/dataTables.keyTable.min.js]
[coderthemes.com/codefox_1.1/plugins/datatables/dataTables.responsive.min.js]
[coderthemes.com/codefox_1.1/plugins/datatables/responsive.bootstrap.min.js]
[coderthemes.com/codefox_1.1/plugins/datatables/dataTables.scroller.min.js]
[coderthemes.com/codefox_1.1/plugins/datatables/dataTables.colVis.js]
[coderthemes.com/codefox_1.1/plugins/datatables/vfs_fonts.js]
[coderthemes.com/codefox_1.1/plugins/datatables/dataTables.fixedColumns.min.js]
[coderthemes.com/codefox_1.1/light_1/tables-datatable.html]
[coderthemes.com/codefox_1.1/light_1/assets/pages/jquery.datatables.init.js]
[coderthemes.com/codefox_1.1/plugins/responsive-table/css/rwd-table.min.css]
[coderthemes.com/codefox_1.1/light_1/tables-responsive.html]
[coderthemes.com/codefox_1.1/plugins/responsive-table/js/rwd-table.min.js]
[coderthemes.com/codefox_1.1/plugins/tablesaw/css/tablesaw.css]
[coderthemes.com/codefox_1.1/light_1/tables-tablesaw.html]
[coderthemes.com/codefox_1.1/plugins/tablesaw/js/tablesaw.js]
[coderthemes.com/codefox_1.1/plugins/tablesaw/js/tablesaw-init.js]
[coderthemes.com/codefox_1.1/plugins/magnific-popup/css/magnific-popup.css]
[coderthemes.com/codefox_1.1/plugins/jquery-datatables-editable/datatables.css]
[coderthemes.com/codefox_1.1/plugins/magnific-popup/js/jquery.magnific-popup.min.js]
[coderthemes.com/codefox_1.1/plugins/tiny-editable/mindmup-editabletable.js]
[coderthemes.com/codefox_1.1/plugins/jquery-datatables-editable/jquery.dataTables.js]
[coderthemes.com/codefox_1.1/plugins/tiny-editable/numeric-input-example.js]
[coderthemes.com/codefox_1.1/light_1/tables-editable.html]
[coderthemes.com/codefox_1.1/light_1/admin-grid.html]
[coderthemes.com/codefox_1.1/light_1/assets/pages/jquery.datatables.editable.init.js]
[coderthemes.com/codefox_1.1/plugins/sweet-alert2/sweetalert2.min.css]
[coderthemes.com/codefox_1.1/plugins/sweet-alert2/sweetalert2.min.js]
[coderthemes.com/codefox_1.1/light_1/admin-sweet-alert.html]
[coderthemes.com/codefox_1.1/light_1/admin-widgets.html]
[coderthemes.com/codefox_1.1/light_1/assets/pages/jquery.sweet-alert.init.js]
[coderthemes.com/codefox_1.1/plugins/nestable/jquery.nestable.css]
[coderthemes.com/codefox_1.1/plugins/nestable/jquery.nestable.js]
[coderthemes.com/codefox_1.1/light_1/admin-nestable.html]
[coderthemes.com/codefox_1.1/light_1/assets/pages/jquery.nestable.init.js]
[coderthemes.com/codefox_1.1/plugins/ion-rangeslider/ion.rangeSlider.css]
[coderthemes.com/codefox_1.1/plugins/ion-rangeslider/ion.rangeSlider.skinModern.css]
[coderthemes.com/codefox_1.1/plugins/ion-rangeslider/ion.rangeSlider.min.js]
[coderthemes.com/codefox_1.1/light_1/admin-rangeslider.html]
[coderthemes.com/codefox_1.1/light_1/assets/pages/jquery.range-sliders.js]
[coderthemes.com/codefox_1.1/plugins/raty-fa/jquery.raty-fa.js]
[coderthemes.com/codefox_1.1/light_1/admin-ratings.html]
[coderthemes.com/codefox_1.1/light_1/assets/pages/jquery.rating.js]
[coderthemes.com/codefox_1.1/plugins/fullcalendar/css/fullcalendar.min.css]
[coderthemes.com/codefox_1.1/light_1/calendar.html]
[coderthemes.com/codefox_1.1/plugins/jquery-ui/jquery-ui.min.js]
[coderthemes.com/codefox_1.1/plugins/fullcalendar/js/fullcalendar.min.js]
[coderthemes.com/codefox_1.1/light_1/assets/pages/jquery.calendar.js]
[coderthemes.com/codefox_1.1/plugins/gmaps/gmaps.min.js]
[coderthemes.com/codefox_1.1/light_1/maps-google.html]
[coderthemes.com/codefox_1.1/light_1/assets/pages/jquery.gmaps.js]
[coderthemes.com/codefox_1.1/plugins/jvectormap/jquery-jvectormap-2.0.2.css]
[coderthemes.com/codefox_1.1/plugins/jvectormap/jquery-jvectormap-2.0.2.min.js]
[coderthemes.com/codefox_1.1/plugins/jvectormap/jquery-jvectormap-world-mill-en.js]
[coderthemes.com/codefox_1.1/plugins/jvectormap/gdp-data.js]
[coderthemes.com/codefox_1.1/plugins/jvectormap/jquery-jvectormap-us-aea-en.js]
[coderthemes.com/codefox_1.1/plugins/jvectormap/jquery-jvectormap-uk-mill-en.js]
[coderthemes.com/codefox_1.1/plugins/jvectormap/jquery-jvectormap-au-mill.js]
[coderthemes.com/codefox_1.1/plugins/jvectormap/jquery-jvectormap-us-il-chicago-mill-en.js]
[coderthemes.com/codefox_1.1/plugins/jvectormap/jquery-jvectormap-ca-lcc.js]
[coderthemes.com/codefox_1.1/plugins/jvectormap/jquery-jvectormap-de-mill.js]
[coderthemes.com/codefox_1.1/plugins/jvectormap/jquery-jvectormap-in-mill.js]
[coderthemes.com/codefox_1.1/light_1/maps-vector.html]
[coderthemes.com/codefox_1.1/plugins/jvectormap/jquery-jvectormap-asia-mill.js]
[coderthemes.com/codefox_1.1/light_1/assets/pages/jquery.jvectormap.init.js]
[coderthemes.com/codefox_1.1/plugins/jquery-mapael/jquery.mapael.min.js]
[coderthemes.com/codefox_1.1/plugins/jquery-mapael/raphael-min.js]
[coderthemes.com/codefox_1.1/plugins/jquery-mousewheel/jquery.mousewheel.min.js]
[coderthemes.com/codefox_1.1/plugins/jquery-mapael/maps/world_countries.min.js]
[coderthemes.com/codefox_1.1/light_1/maps-mapael.html]
[coderthemes.com/codefox_1.1/plugins/jquery-mapael/maps/usa_states.min.js]
[coderthemes.com/codefox_1.1/light_1/page-starter.html]
[coderthemes.com/codefox_1.1/light_1/page-login.html]
[coderthemes.com/codefox_1.1/light_1/page-register.html]
[coderthemes.com/codefox_1.1/light_1/page-logout.html]
[coderthemes.com/codefox_1.1/light_1/page-recoverpw.html]
[coderthemes.com/codefox_1.1/light_1/page-lock-screen.html]
[coderthemes.com/codefox_1.1/light_1/page-confirm-mail.html]
[coderthemes.com/codefox_1.1/light_1/page-404.html]
[coderthemes.com/codefox_1.1/light_1/page-404-alt.html]
[coderthemes.com/codefox_1.1/light_1/page-500.html]
[coderthemes.com/codefox_1.1/light_1/extras-about.html]
[coderthemes.com/codefox_1.1/light_1/extras-contact.html]
[coderthemes.com/codefox_1.1/light_1/extras-members.html]
[coderthemes.com/codefox_1.1/light_1/extras-timeline.html]
[coderthemes.com/codefox_1.1/light_1/extras-invoice.html]
[coderthemes.com/codefox_1.1/light_1/assets/pages/jquery.mapael-map.init.js]
[coderthemes.com/codefox_1.1/light_1/extras-maintenance.html]
[coderthemes.com/codefox_1.1/light_1/assets/images/animat-rocket-color.gif]
[coderthemes.com/codefox_1.1/light_1/assets/images/logo_white.png]
[coderthemes.com/codefox_1.1/light_1/extras-coming-soon.html]
[coderthemes.com/codefox_1.1/light_1/extras-faq.html]
[coderthemes.com/codefox_1.1/light_1/extras-pricing.html]
[coderthemes.com/codefox_1.1/light_1/assets/images/logo_sm.png]
[coderthemes.com/codefox_1.1/light_1/assets/images/logo.png]
[coderthemes.com/codefox_1.1/plugins/count-down/jquery.lwtCountdown-1.0.js]
[coderthemes.com/codefox_1.1/plugins/chartist/css/chartist.min.css]
[coderthemes.com/codefox_1.1/light_1/assets/images/users/avatar-1.jpg]
[coderthemes.com/codefox_1.1/light_1/assets/images/users/avatar-3.jpg]
[coderthemes.com/codefox_1.1/plugins/bootstrap-select/css/bootstrap-select.min.css]
[coderthemes.com/codefox_1.1/light_1/assets/images/users/avatar-2.jpg]
[coderthemes.com/codefox_1.1/light_1/assets/images/small/img-1.jpg]
[coderthemes.com/codefox_1.1/light_1/assets/images/small/img-2.jpg]
[coderthemes.com/codefox_1.1/light_1/assets/images/small/img-3.jpg]
[coderthemes.com/codefox_1.1/light_1/assets/images/small/img-4.jpg]
[coderthemes.com/codefox_1.1/light_1/assets/images/small/img-5.jpg]
[coderthemes.com/codefox_1.1/light_1/assets/images/small/img-6.jpg]
[coderthemes.com/codefox_1.1/light_1/assets/fonts/glyphicons-halflings-regular.243.delayed]
[coderthemes.com/codefox_1.1/light_1/assets/images/users/avatar-6.jpg]
[coderthemes.com/codefox_1.1/light_1/assets/images/users/avatar-5.jpg]
[coderthemes.com/codefox_1.1/light_1/assets/images/users/avatar-4.jpg]
[coderthemes.com/codefox_1.1/light_1/assets/images/users/avatar-7.jpg]
[coderthemes.com/codefox_1.1/light_1/assets/images/users/avatar-8.jpg]
[coderthemes.com/codefox_1.1/light_1/assets/images/users/avatar-9.jpg]
[coderthemes.com/codefox_1.1/light_1/assets/images/users/avatar-10.jpg]
[coderthemes.com/codefox_1.1/light_1/assets/images/animat-rocket-color.gif]
[coderthemes.com/codefox_1.1/light_1/assets/images/logo_white.png]
[coderthemes.com/codefox_1.1/light_1/assets/fonts/glyphicons-halflings-regulard41d.eot]
[coderthemes.com/codefox_1.1/light_1/assets/fonts/glyphicons-halflings-regular.eot]
[coderthemes.com/codefox_1.1/light_1/assets/fonts/glyphicons-halflings-regular.woff2]
[coderthemes.com/codefox_1.1/light_1/assets/fonts/glyphicons-halflings-regular.woff]
[coderthemes.com/codefox_1.1/light_1/assets/fonts/glyphicons-halflings-regular.woff2]
[coderthemes.com/codefox_1.1/light_1/assets/fonts/glyphicons-halflings-regular.ttf]
[coderthemes.com/codefox_1.1/light_1/assets/css/bootstrap.min.css]
[coderthemes.com/codefox_1.1/light_1/assets/css/core.css]
[coderthemes.com/codefox_1.1/light_1/assets/css/components.css]
[coderthemes.com/codefox_1.1/light_1/assets/fonts/glyphicons-halflings-regular.svg]
[coderthemes.com/codefox_1.1/light_1/assets/fonts/fontawesome-webfont3e6e.eot]
[coderthemes.com/codefox_1.1/light_1/assets/fonts/fontawesome-webfontd41d.eot]
[coderthemes.com/codefox_1.1/light_1/assets/fonts/fontawesome-webfont3e6e.woff2]
[coderthemes.com/codefox_1.1/light_1/assets/fonts/fontawesome-webfont3e6e.woff]
[coderthemes.com/codefox_1.1/light_1/assets/fonts/fontawesome-webfont3e6e.ttf]
[coderthemes.com/codefox_1.1/light_1/assets/fonts/materialdesignicons-webfont6c9c.eot]
[coderthemes.com/codefox_1.1/light_1/assets/fonts/materialdesignicons-webfontd41d.eot]
[coderthemes.com/codefox_1.1/light_1/assets/fonts/materialdesignicons-webfont6c9c.woff2]
[coderthemes.com/codefox_1.1/light_1/assets/fonts/fontawesome-webfont3e6e.svg]
[coderthemes.com/codefox_1.1/light_1/assets/fonts/materialdesignicons-webfont6c9c.woff]
[coderthemes.com/codefox_1.1/light_1/assets/fonts/materialdesignicons-webfont6c9c.ttf]
[coderthemes.com/codefox_1.1/light_1/assets/fonts/feather-webfont.eot]
[coderthemes.com/codefox_1.1/light_1/assets/fonts/feather-webfontd41d.eot]
[coderthemes.com/codefox_1.1/light_1/assets/fonts/feather-webfont.woff]
[coderthemes.com/codefox_1.1/light_1/assets/fonts/feather-webfont.ttf]
[coderthemes.com/codefox_1.1/light_1/assets/fonts/feather-webfont.svg]
[coderthemes.com/codefox_1.1/light_1/assets/fonts/dripicons-v2.eot]
[coderthemes.com/codefox_1.1/light_1/assets/fonts/dripicons-v2d41d.eot]
[coderthemes.com/codefox_1.1/light_1/assets/fonts/materialdesignicons-webfont6c9c.svg]
[coderthemes.com/codefox_1.1/light_1/assets/fonts/dripicons-v2.woff]
[coderthemes.com/codefox_1.1/light_1/assets/fonts/dripicons-v2.ttf]
[coderthemes.com/codefox_1.1/light_1/assets/css/icons.css]
[coderthemes.com/codefox_1.1/light_1/assets/css/pages.css]
[coderthemes.com/codefox_1.1/light_1/assets/css/menu.css]
[coderthemes.com/codefox_1.1/light_1/assets/css/responsive.css]
[coderthemes.com/codefox_1.1/light_1/assets/js/modernizr.min.js]
[coderthemes.com/codefox_1.1/light_1/assets/images/bg-countdown.jpg]
[coderthemes.com/codefox_1.1/light_1/assets/fonts/dripicons-v2.svg]
[coderthemes.com/codefox_1.1/light_1/ui-typography.html]
[coderthemes.com/codefox_1.1/light_1/assets/js/jquery.min.js]
[coderthemes.com/codefox_1.1/light_1/assets/js/bootstrap.min.js]
[coderthemes.com/codefox_1.1/light_1/assets/js/metisMenu.min.js]
[coderthemes.com/codefox_1.1/light_1/assets/js/waves.js]
[coderthemes.com/codefox_1.1/light_1/assets/js/jquery.slimscroll.js]
[coderthemes.com/codefox_1.1/plugins/bootstrap-select/js/bootstrap-select.min.js]
[coderthemes.com/codefox_1.1/plugins/waypoints/jquery.waypoints.min.js]
[coderthemes.com/codefox_1.1/plugins/counterup/jquery.counterup.min.js]
[coderthemes.com/codefox_1.1/plugins/chartist/js/chartist.min.js]
[coderthemes.com/codefox_1.1/plugins/chartist/js/chartist-plugin-tooltip.min.js]
[coderthemes.com/codefox_1.1/light_1/assets/pages/jquery.dashboard.js]
[coderthemes.com/codefox_1.1/light_1/assets/js/jquery.core.js]
[coderthemes.com/codefox_1.1/light_1/assets/js/jquery.app.js]
[coderthemes.com/codefox_1.1/plugins/custombox/css/custombox.min.css]
[coderthemes.com/codefox_1.1/plugins/custombox/js/custombox.min.js]
[coderthemes.com/codefox_1.1/plugins/custombox/js/legacy.min.js]
[coderthemes.com/codefox_1.1/plugins/jquery-toastr/jquery.toast.min.css]
[coderthemes.com/codefox_1.1/plugins/jquery-toastr/jquery.toast.min.js]
[coderthemes.com/codefox_1.1/light_1/assets/pages/jquery.toastr.js]
[coderthemes.com/codefox_1.1/plugins/tooltipster/tooltipster.bundle.min.css]
[coderthemes.com/codefox_1.1/plugins/tooltipster/tooltipster.bundle.min.js]
[coderthemes.com/codefox_1.1/light_1/assets/pages/jquery.tooltipster.js]
[coderthemes.com/codefox_1.1/light_1/assets/images/icons/flash_on.svg]
[coderthemes.com/codefox_1.1/light_1/assets/images/icons/flash_off.svg]
[coderthemes.com/codefox_1.1/light_1/assets/images/icons/flash_auto.svg]
[coderthemes.com/codefox_1.1/light_1/assets/images/icons/panorama.svg]
[coderthemes.com/codefox_1.1/light_1/assets/images/icons/landscape.svg]
[coderthemes.com/codefox_1.1/light_1/assets/images/icons/night_landscape.svg]
[coderthemes.com/codefox_1.1/light_1/assets/images/icons/sports_mode.svg]
[coderthemes.com/codefox_1.1/light_1/assets/images/icons/portrait_mode.svg]
[coderthemes.com/codefox_1.1/light_1/assets/images/icons/night_portrait.svg]
[coderthemes.com/codefox_1.1/light_1/assets/images/icons/close_up_mode.svg]
[coderthemes.com/codefox_1.1/light_1/assets/images/icons/selfie.svg]
[coderthemes.com/codefox_1.1/light_1/assets/images/icons/gallery.svg]
[coderthemes.com/codefox_1.1/light_1/assets/images/icons/stack_of_photos.svg]
[coderthemes.com/codefox_1.1/light_1/assets/images/icons/add_image.svg]
[coderthemes.com/codefox_1.1/light_1/assets/images/icons/edit_image.svg]
[coderthemes.com/codefox_1.1/light_1/assets/images/icons/remove_image.svg]
[coderthemes.com/codefox_1.1/light_1/assets/images/icons/compact_camera.svg]
[coderthemes.com/codefox_1.1/light_1/assets/images/icons/multiple_cameras.svg]
[coderthemes.com/codefox_1.1/light_1/assets/images/icons/camera.svg]
[coderthemes.com/codefox_1.1/light_1/assets/images/icons/slr_back_side.svg]
[coderthemes.com/codefox_1.1/light_1/assets/images/icons/old_time_camera.svg]
[coderthemes.com/codefox_1.1/light_1/assets/images/icons/camera_addon.svg]
[coderthemes.com/codefox_1.1/light_1/assets/images/icons/camera_identification.svg]
[coderthemes.com/codefox_1.1/light_1/assets/images/icons/start.svg]
[coderthemes.com/codefox_1.1/light_1/assets/images/icons/clapperboard.svg]
[coderthemes.com/codefox_1.1/light_1/assets/images/icons/film.svg]
[coderthemes.com/codefox_1.1/light_1/assets/images/icons/camcorder.svg]
[coderthemes.com/codefox_1.1/light_1/assets/images/icons/camcorder_pro.svg]
[coderthemes.com/codefox_1.1/light_1/assets/images/icons/webcam.svg]
[coderthemes.com/codefox_1.1/light_1/assets/images/icons/integrated_webcam.svg]
[coderthemes.com/codefox_1.1/light_1/assets/images/icons/rotate_camera.svg]
[coderthemes.com/codefox_1.1/light_1/assets/images/icons/switch_camera.svg]
[coderthemes.com/codefox_1.1/light_1/assets/images/icons/photo_reel.svg]
[coderthemes.com/codefox_1.1/light_1/assets/images/icons/film_reel.svg]
[coderthemes.com/codefox_1.1/light_1/assets/images/icons/cable_release.svg]
[coderthemes.com/codefox_1.1/light_1/assets/images/icons/home.svg]
[coderthemes.com/codefox_1.1/light_1/assets/images/icons/icons8_cup.svg]
[coderthemes.com/codefox_1.1/light_1/assets/images/icons/globe.svg]
[coderthemes.com/codefox_1.1/light_1/assets/images/icons/ok.svg]
[coderthemes.com/codefox_1.1/light_1/assets/images/icons/checkmark.svg]
[coderthemes.com/codefox_1.1/light_1/assets/images/icons/cancel.svg]
[coderthemes.com/codefox_1.1/light_1/assets/images/icons/synchronize.svg]
[coderthemes.com/codefox_1.1/light_1/assets/images/icons/refresh.svg]
[coderthemes.com/codefox_1.1/light_1/assets/images/icons/download.svg]
[coderthemes.com/codefox_1.1/light_1/assets/images/icons/upload.svg]
[coderthemes.com/codefox_1.1/light_1/assets/images/icons/empty_trash.svg]
[coderthemes.com/codefox_1.1/light_1/assets/images/icons/full_trash.svg]
[coderthemes.com/codefox_1.1/light_1/assets/images/icons/folder.svg]
[coderthemes.com/codefox_1.1/light_1/assets/images/icons/opened_folder.svg]
[coderthemes.com/codefox_1.1/light_1/assets/images/icons/file.svg]
[coderthemes.com/codefox_1.1/light_1/assets/images/icons/document.svg]
[coderthemes.com/codefox_1.1/light_1/assets/images/icons/audio_file.svg]
[coderthemes.com/codefox_1.1/light_1/assets/images/icons/image_file.svg]
[coderthemes.com/codefox_1.1/light_1/assets/images/icons/video_file.svg]
[coderthemes.com/codefox_1.1/light_1/assets/images/icons/print.svg]
[coderthemes.com/codefox_1.1/light_1/assets/images/icons/music.svg]
[coderthemes.com/codefox_1.1/light_1/assets/images/icons/share.svg]
[coderthemes.com/codefox_1.1/light_1/assets/images/icons/cursor.svg]
[coderthemes.com/codefox_1.1/light_1/assets/images/icons/puzzle.svg]
[coderthemes.com/codefox_1.1/light_1/assets/images/icons/unlock.svg]
[coderthemes.com/codefox_1.1/light_1/assets/images/icons/lock.svg]
[coderthemes.com/codefox_1.1/light_1/assets/images/icons/idea.svg]
[coderthemes.com/codefox_1.1/light_1/assets/images/icons/no_idea.svg]
[coderthemes.com/codefox_1.1/light_1/assets/images/icons/link.svg]
[coderthemes.com/codefox_1.1/light_1/assets/images/icons/broken_link.svg]
[coderthemes.com/codefox_1.1/light_1/assets/images/icons/rating.svg]
[coderthemes.com/codefox_1.1/light_1/assets/images/icons/like_placeholder.svg]
[coderthemes.com/codefox_1.1/light_1/assets/images/icons/like.svg]
[coderthemes.com/codefox_1.1/light_1/assets/images/icons/dislike.svg]
[coderthemes.com/codefox_1.1/light_1/assets/images/icons/info.svg]
[coderthemes.com/codefox_1.1/light_1/assets/images/icons/about.svg]
[coderthemes.com/codefox_1.1/light_1/assets/images/icons/picture.svg]
[coderthemes.com/codefox_1.1/light_1/assets/images/icons/clock.svg]
[coderthemes.com/codefox_1.1/light_1/assets/images/icons/alarm_clock.svg]
[coderthemes.com/codefox_1.1/light_1/assets/images/icons/address_book.svg]
[coderthemes.com/codefox_1.1/light_1/assets/images/icons/contacts.svg]
[coderthemes.com/codefox_1.1/light_1/assets/images/icons/news.svg]
[coderthemes.com/codefox_1.1/light_1/assets/images/icons/bookmark.svg]
[coderthemes.com/codefox_1.1/light_1/assets/images/icons/binoculars.svg]
[coderthemes.com/codefox_1.1/light_1/assets/images/icons/search.svg]
[coderthemes.com/codefox_1.1/light_1/assets/images/icons/ruler.svg]
[coderthemes.com/codefox_1.1/light_1/assets/images/icons/services.svg]
[coderthemes.com/codefox_1.1/light_1/assets/images/icons/settings.svg]
[coderthemes.com/codefox_1.1/light_1/assets/images/icons/support.svg]
[coderthemes.com/codefox_1.1/light_1/assets/images/icons/frame.svg]
[coderthemes.com/codefox_1.1/light_1/assets/images/icons/menu.svg]
[coderthemes.com/codefox_1.1/light_1/assets/images/icons/key.svg]
[coderthemes.com/codefox_1.1/light_1/assets/images/icons/calendar.svg]
[coderthemes.com/codefox_1.1/light_1/assets/images/icons/calculator.svg]
[coderthemes.com/codefox_1.1/light_1/assets/images/icons/minus.svg]
[coderthemes.com/codefox_1.1/light_1/assets/images/icons/plus.svg]
[coderthemes.com/codefox_1.1/light_1/assets/images/icons/graduation_cap.svg]
[coderthemes.com/codefox_1.1/light_1/assets/images/icons/briefcase.svg]
[coderthemes.com/codefox_1.1/light_1/assets/images/icons/business.svg]
[coderthemes.com/codefox_1.1/light_1/assets/images/icons/signature.svg]
[coderthemes.com/codefox_1.1/light_1/assets/images/icons/safe.svg]
[coderthemes.com/codefox_1.1/light_1/assets/images/icons/advertising.svg]
[coderthemes.com/codefox_1.1/light_1/assets/images/icons/businessman.svg]
[coderthemes.com/codefox_1.1/light_1/assets/images/icons/businesswoman.svg]
[coderthemes.com/codefox_1.1/light_1/assets/images/icons/manager.svg]
[coderthemes.com/codefox_1.1/light_1/assets/images/icons/online_support.svg]
[coderthemes.com/codefox_1.1/light_1/assets/images/icons/assistant.svg]
[coderthemes.com/codefox_1.1/light_1/assets/images/icons/customer_support.svg]
[coderthemes.com/codefox_1.1/light_1/assets/images/icons/reading_ebook.svg]
[coderthemes.com/codefox_1.1/light_1/assets/images/icons/reading.svg]
[coderthemes.com/codefox_1.1/light_1/assets/images/icons/neutral_trading.svg]
[coderthemes.com/codefox_1.1/light_1/assets/images/icons/bullish.svg]
[coderthemes.com/codefox_1.1/light_1/assets/images/icons/bearish.svg]
[coderthemes.com/codefox_1.1/light_1/assets/images/icons/high_priority.svg]
[coderthemes.com/codefox_1.1/light_1/assets/images/icons/medium_priority.svg]
[coderthemes.com/codefox_1.1/light_1/assets/images/icons/low_priority.svg]
[coderthemes.com/codefox_1.1/light_1/assets/images/icons/make_decision.svg]
[coderthemes.com/codefox_1.1/light_1/assets/images/icons/decision.svg]
[coderthemes.com/codefox_1.1/light_1/assets/images/icons/good_decision.svg]
[coderthemes.com/codefox_1.1/light_1/assets/images/icons/neutral_decision.svg]
[coderthemes.com/codefox_1.1/light_1/assets/images/icons/bad_decision.svg]
[coderthemes.com/codefox_1.1/light_1/assets/images/icons/approve.svg]
[coderthemes.com/codefox_1.1/light_1/assets/images/icons/disapprove.svg]
[coderthemes.com/codefox_1.1/light_1/assets/images/icons/podium_without_speaker.svg]
[coderthemes.com/codefox_1.1/light_1/assets/images/icons/podium_with_speaker.svg]
[coderthemes.com/codefox_1.1/light_1/assets/images/icons/podium_with_audience.svg]
[coderthemes.com/codefox_1.1/light_1/assets/images/icons/video_projector.svg]
[coderthemes.com/codefox_1.1/light_1/assets/images/icons/statistics.svg]
[coderthemes.com/codefox_1.1/light_1/assets/images/icons/collaboration.svg]
[coderthemes.com/codefox_1.1/light_1/assets/images/icons/voice_presentation.svg]
[coderthemes.com/codefox_1.1/light_1/assets/images/icons/conference_call.svg]
[coderthemes.com/codefox_1.1/light_1/assets/images/icons/comments.svg]
[coderthemes.com/codefox_1.1/light_1/assets/images/icons/faq.svg]
[coderthemes.com/codefox_1.1/light_1/assets/images/icons/reuse.svg]
[coderthemes.com/codefox_1.1/light_1/assets/images/icons/organization.svg]
[coderthemes.com/codefox_1.1/light_1/assets/images/icons/department.svg]
[coderthemes.com/codefox_1.1/light_1/assets/images/icons/library.svg]
[coderthemes.com/codefox_1.1/light_1/assets/images/icons/shop.svg]
[coderthemes.com/codefox_1.1/light_1/assets/images/icons/self_service_kiosk.svg]
[coderthemes.com/codefox_1.1/light_1/assets/images/icons/donate.svg]
[coderthemes.com/codefox_1.1/light_1/assets/images/icons/currency_exchange.svg]
[coderthemes.com/codefox_1.1/light_1/assets/images/icons/debt.svg]
[coderthemes.com/codefox_1.1/light_1/assets/images/icons/sales_performance.svg]
[coderthemes.com/codefox_1.1/light_1/assets/images/icons/invite.svg]
[coderthemes.com/codefox_1.1/light_1/assets/images/icons/money_transfer.svg]
[coderthemes.com/codefox_1.1/light_1/assets/images/icons/feedback.svg]
[coderthemes.com/codefox_1.1/light_1/assets/images/icons/approval.svg]
[coderthemes.com/codefox_1.1/light_1/assets/images/icons/paid.svg]
[coderthemes.com/codefox_1.1/light_1/assets/images/icons/in_transit.svg]
[coderthemes.com/codefox_1.1/light_1/assets/images/icons/shipped.svg]
[coderthemes.com/codefox_1.1/light_1/assets/images/icons/package.svg]
[coderthemes.com/codefox_1.1/light_1/assets/images/icons/planner.svg]
[coderthemes.com/codefox_1.1/light_1/assets/images/icons/overtime.svg]
[coderthemes.com/codefox_1.1/light_1/assets/images/icons/leave.svg]
[coderthemes.com/codefox_1.1/light_1/assets/images/icons/expired.svg]
[coderthemes.com/codefox_1.1/light_1/assets/images/icons/process.svg]
[coderthemes.com/codefox_1.1/light_1/assets/images/icons/diploma_1.svg]
[coderthemes.com/codefox_1.1/light_1/assets/images/icons/diploma_2.svg]
[coderthemes.com/codefox_1.1/light_1/assets/images/icons/business_contact.svg]
[coderthemes.com/codefox_1.1/light_1/assets/images/icons/survey.svg]
[coderthemes.com/codefox_1.1/light_1/assets/images/icons/inspection.svg]
[coderthemes.com/codefox_1.1/light_1/assets/images/icons/rules.svg]
[coderthemes.com/codefox_1.1/light_1/assets/images/icons/todo_list.svg]
[coderthemes.com/codefox_1.1/light_1/assets/images/icons/ratings.svg]
[coderthemes.com/codefox_1.1/light_1/assets/images/icons/questions.svg]
[coderthemes.com/codefox_1.1/light_1/assets/images/icons/answers.svg]
[coderthemes.com/codefox_1.1/light_1/assets/images/icons/fine_print.svg]
[coderthemes.com/codefox_1.1/light_1/assets/images/icons/candle_sticks.svg]
[coderthemes.com/codefox_1.1/light_1/assets/images/icons/serial_tasks.svg]
[coderthemes.com/codefox_1.1/light_1/assets/images/icons/parallel_tasks.svg]
[coderthemes.com/codefox_1.1/light_1/assets/images/icons/tree_structure.svg]
[coderthemes.com/codefox_1.1/light_1/assets/images/icons/org_unit.svg]
[coderthemes.com/codefox_1.1/light_1/assets/images/icons/privacy.svg]
[coderthemes.com/codefox_1.1/light_1/assets/images/icons/disclaimer.svg]
[coderthemes.com/codefox_1.1/light_1/assets/images/icons/callback.svg]
[coderthemes.com/codefox_1.1/light_1/assets/images/icons/service_mark.svg]
[coderthemes.com/codefox_1.1/light_1/assets/images/icons/registered_trademark.svg]
[coderthemes.com/codefox_1.1/light_1/assets/images/icons/trademark.svg]
[coderthemes.com/codefox_1.1/light_1/assets/images/icons/copyright.svg]
[coderthemes.com/codefox_1.1/light_1/assets/images/icons/copyleft.svg]
[coderthemes.com/codefox_1.1/light_1/assets/images/icons/sound_recording_copyright.svg]
[coderthemes.com/codefox_1.1/light_1/assets/images/icons/butting_in.svg]
[coderthemes.com/codefox_1.1/light_1/assets/images/icons/multiple_inputs.svg]
[coderthemes.com/codefox_1.1/light_1/assets/images/icons/collect.svg]
[coderthemes.com/codefox_1.1/light_1/assets/images/icons/internal.svg]
[coderthemes.com/codefox_1.1/light_1/assets/images/icons/external.svg]
[coderthemes.com/codefox_1.1/light_1/assets/images/icons/vip.svg]
[coderthemes.com/codefox_1.1/light_1/assets/images/icons/light_at_the_end_of_tunnel.svg]
[coderthemes.com/codefox_1.1/light_1/assets/images/icons/entering_heaven_alive.svg]
[coderthemes.com/codefox_1.1/light_1/assets/images/icons/biomass.svg]
[coderthemes.com/codefox_1.1/light_1/assets/images/icons/display.svg]
[coderthemes.com/codefox_1.1/light_1/assets/images/icons/do_not_inhale.svg]
[coderthemes.com/codefox_1.1/light_1/assets/images/icons/factory.svg]
[coderthemes.com/codefox_1.1/light_1/assets/images/icons/factory_breakdown.svg]
[coderthemes.com/codefox_1.1/light_1/assets/images/icons/crystal_oscillator.svg]
[coderthemes.com/codefox_1.1/light_1/assets/images/icons/capacitor.svg]
[coderthemes.com/codefox_1.1/light_1/assets/images/icons/electricity.svg]
[coderthemes.com/codefox_1.1/light_1/assets/images/icons/electro_devices.svg]
[coderthemes.com/codefox_1.1/light_1/assets/images/icons/electrical_sensor.svg]
[coderthemes.com/codefox_1.1/light_1/assets/images/icons/electrical_threshold.svg]
[coderthemes.com/codefox_1.1/light_1/assets/images/icons/automotive.svg]
[coderthemes.com/codefox_1.1/light_1/assets/images/icons/feed_in.svg]
[coderthemes.com/codefox_1.1/light_1/assets/images/icons/dam.svg]
[coderthemes.com/codefox_1.1/light_1/assets/images/icons/biotech.svg]
[coderthemes.com/codefox_1.1/light_1/assets/images/icons/advance.svg]
[coderthemes.com/codefox_1.1/light_1/assets/images/icons/cloth.svg]
[coderthemes.com/codefox_1.1/light_1/assets/images/icons/electronics.svg]
[coderthemes.com/codefox_1.1/light_1/assets/images/icons/deployment.svg]
[coderthemes.com/codefox_1.1/light_1/assets/images/icons/automatic.svg]
[coderthemes.com/codefox_1.1/light_1/assets/images/icons/do_not_insert.svg]
[coderthemes.com/codefox_1.1/light_1/assets/images/icons/do_not_mix.svg]
[coderthemes.com/codefox_1.1/light_1/assets/images/icons/biohazard.svg]
[coderthemes.com/codefox_1.1/light_1/assets/images/icons/circuit.svg]
[coderthemes.com/codefox_1.1/light_1/assets/images/icons/engineering.svg]
[coderthemes.com/codefox_1.1/light_1/assets/images/icons/cell_phone.svg]
[coderthemes.com/codefox_1.1/light_1/assets/images/icons/iphone.svg]
[coderthemes.com/codefox_1.1/light_1/assets/images/icons/ipad.svg]
[coderthemes.com/codefox_1.1/light_1/assets/images/icons/phone_android.svg]
[coderthemes.com/codefox_1.1/light_1/assets/images/icons/tablet_android.svg]
[coderthemes.com/codefox_1.1/light_1/assets/images/icons/nook.svg]
[coderthemes.com/codefox_1.1/light_1/assets/images/icons/kindle.svg]
[coderthemes.com/codefox_1.1/light_1/assets/images/icons/two_smartphones.svg]
[coderthemes.com/codefox_1.1/light_1/assets/images/icons/multiple_devices.svg]
[coderthemes.com/codefox_1.1/light_1/assets/images/icons/multiple_smartphones.svg]
[coderthemes.com/codefox_1.1/light_1/assets/images/icons/smartphone_tablet.svg]
[coderthemes.com/codefox_1.1/light_1/assets/images/icons/touchscreen_smartphone.svg]
[coderthemes.com/codefox_1.1/light_1/assets/images/icons/sim_card.svg]
[coderthemes.com/codefox_1.1/light_1/assets/images/icons/sim_card_chip.svg]
[coderthemes.com/codefox_1.1/light_1/assets/images/icons/sms.svg]
[coderthemes.com/codefox_1.1/light_1/assets/images/icons/mms.svg]
[coderthemes.com/codefox_1.1/light_1/assets/images/icons/charge_battery.svg]
[coderthemes.com/codefox_1.1/light_1/assets/images/icons/full_battery.svg]
[coderthemes.com/codefox_1.1/light_1/assets/images/icons/high_battery.svg]
[coderthemes.com/codefox_1.1/light_1/assets/images/icons/middle_battery.svg]
[coderthemes.com/codefox_1.1/light_1/assets/images/icons/low_battery.svg]
[coderthemes.com/codefox_1.1/light_1/assets/images/icons/empty_battery.svg]
[coderthemes.com/codefox_1.1/light_1/assets/images/icons/phone.svg]
[coderthemes.com/codefox_1.1/light_1/assets/images/icons/missed_call.svg]
[coderthemes.com/codefox_1.1/light_1/assets/images/icons/end_call.svg]
[coderthemes.com/codefox_1.1/light_1/assets/images/icons/call_transfer.svg]
[coderthemes.com/codefox_1.1/light_1/assets/images/icons/video_call.svg]
[coderthemes.com/codefox_1.1/light_1/assets/images/icons/no_video.svg]
[coderthemes.com/codefox_1.1/light_1/assets/images/icons/rotate_to_portrait.svg]
[coderthemes.com/codefox_1.1/light_1/assets/images/icons/lock_portrait.svg]
[coderthemes.com/codefox_1.1/light_1/assets/images/icons/rotate_to_landscape.svg]
[coderthemes.com/codefox_1.1/light_1/assets/images/icons/lock_landscape.svg]
[coderthemes.com/codefox_1.1/light_1/assets/images/icons/voicemail.svg]
[coderthemes.com/codefox_1.1/light_1/assets/images/icons/speaker.svg]
[coderthemes.com/codefox_1.1/light_1/assets/images/icons/headset.svg]
[coderthemes.com/codefox_1.1/light_1/assets/images/icons/left_up.svg]
[coderthemes.com/codefox_1.1/light_1/assets/images/icons/right_up.svg]
[coderthemes.com/codefox_1.1/light_1/assets/images/icons/left.svg]
[coderthemes.com/codefox_1.1/light_1/assets/images/icons/right.svg]
[coderthemes.com/codefox_1.1/light_1/assets/images/icons/left_down.svg]
[coderthemes.com/codefox_1.1/light_1/assets/images/icons/down.svg]
[coderthemes.com/codefox_1.1/light_1/assets/images/icons/right_down.svg]
[coderthemes.com/codefox_1.1/light_1/assets/images/icons/collapse.svg]
[coderthemes.com/codefox_1.1/light_1/assets/images/icons/previous.svg]
[coderthemes.com/codefox_1.1/light_1/assets/images/icons/next.svg]
[coderthemes.com/codefox_1.1/light_1/assets/images/icons/expand.svg]
[coderthemes.com/codefox_1.1/light_1/assets/images/icons/left_down2.svg]
[coderthemes.com/codefox_1.1/light_1/assets/images/icons/up_left.svg]
[coderthemes.com/codefox_1.1/light_1/assets/images/icons/down_right.svg]
[coderthemes.com/codefox_1.1/light_1/assets/images/icons/right_up2.svg]
[coderthemes.com/codefox_1.1/light_1/assets/images/icons/up_right.svg]
[coderthemes.com/codefox_1.1/light_1/assets/images/icons/right_down2.svg]
[coderthemes.com/codefox_1.1/light_1/assets/images/icons/left_up2.svg]
[coderthemes.com/codefox_1.1/light_1/assets/images/icons/down_left.svg]
[coderthemes.com/codefox_1.1/light_1/assets/images/icons/undo.svg]
[coderthemes.com/codefox_1.1/light_1/assets/images/icons/redo.svg]
[coderthemes.com/codefox_1.1/light_1/assets/images/icons/filing_cabinet.svg]
[coderthemes.com/codefox_1.1/light_1/assets/images/icons/database.svg]
[coderthemes.com/codefox_1.1/light_1/assets/images/icons/accept_database.svg]
[coderthemes.com/codefox_1.1/light_1/assets/images/icons/add_database.svg]
[coderthemes.com/codefox_1.1/light_1/assets/images/icons/delete_database.svg]
[coderthemes.com/codefox_1.1/light_1/assets/images/icons/data_backup.svg]
[coderthemes.com/codefox_1.1/light_1/assets/images/icons/data_recovery.svg]
[coderthemes.com/codefox_1.1/light_1/assets/images/icons/data_configuration.svg]
[coderthemes.com/codefox_1.1/light_1/assets/images/icons/data_encryption.svg]
[coderthemes.com/codefox_1.1/light_1/assets/images/icons/data_protection.svg]
[coderthemes.com/codefox_1.1/light_1/assets/images/icons/grid.svg]
[coderthemes.com/codefox_1.1/light_1/assets/images/icons/data_sheet.svg]
[coderthemes.com/codefox_1.1/light_1/assets/images/icons/add_column.svg]
[coderthemes.com/codefox_1.1/light_1/assets/images/icons/delete_column.svg]
[coderthemes.com/codefox_1.1/light_1/assets/images/icons/add_row.svg]
[coderthemes.com/codefox_1.1/light_1/assets/images/icons/delete_row.svg]
[coderthemes.com/codefox_1.1/light_1/assets/images/icons/generic_sorting_asc.svg]
[coderthemes.com/codefox_1.1/light_1/assets/images/icons/generic_sorting_desc.svg]
[coderthemes.com/codefox_1.1/light_1/assets/images/icons/alphabetical_sorting_az.svg]
[coderthemes.com/codefox_1.1/light_1/assets/images/icons/alphabetical_sorting_za.svg]
[coderthemes.com/codefox_1.1/light_1/assets/images/icons/numerical_sorting_21.svg]
[coderthemes.com/codefox_1.1/light_1/assets/images/icons/numerical_sorting_12.svg]
[coderthemes.com/codefox_1.1/light_1/assets/images/icons/empty_filter.svg]
[coderthemes.com/codefox_1.1/light_1/assets/images/icons/filled_filter.svg]
[coderthemes.com/codefox_1.1/light_1/assets/images/icons/clear_filters.svg]
[coderthemes.com/codefox_1.1/light_1/assets/images/icons/pie_chart.svg]
[coderthemes.com/codefox_1.1/light_1/assets/images/icons/radar_plot.svg]
[coderthemes.com/codefox_1.1/light_1/assets/images/icons/heat_map.svg]
[coderthemes.com/codefox_1.1/light_1/assets/images/icons/timeline.svg]
[coderthemes.com/codefox_1.1/light_1/assets/images/icons/bar_chart.svg]
[coderthemes.com/codefox_1.1/light_1/assets/images/icons/area_chart.svg]
[coderthemes.com/codefox_1.1/light_1/assets/images/icons/scatter_plot.svg]
[coderthemes.com/codefox_1.1/light_1/assets/images/icons/doughnut_chart.svg]
[coderthemes.com/codefox_1.1/light_1/assets/images/icons/combo_chart.svg]
[coderthemes.com/codefox_1.1/light_1/assets/images/icons/flow_chart.svg]
[coderthemes.com/codefox_1.1/light_1/assets/images/icons/line_chart.svg]
[coderthemes.com/codefox_1.1/light_1/assets/images/icons/genealogy.svg]
[coderthemes.com/codefox_1.1/light_1/assets/images/icons/mind_map.svg]
[coderthemes.com/codefox_1.1/light_1/assets/images/icons/workflow.svg]
[coderthemes.com/codefox_1.1/light_1/assets/images/icons/positive_dynamic.svg]
[coderthemes.com/codefox_1.1/light_1/assets/images/icons/negative_dynamic.svg]
[coderthemes.com/codefox_1.1/light_1/assets/images/icons/export.svg]
[coderthemes.com/codefox_1.1/light_1/assets/images/icons/import.svg]
[coderthemes.com/codefox_1.1/light_1/assets/images/icons/list.svg]
[coderthemes.com/codefox_1.1/light_1/assets/images/icons/template.svg]
[coderthemes.com/codefox_1.1/light_1/assets/images/icons/view_details.svg]
[coderthemes.com/codefox_1.1/plugins/flot-chart/jquery.flot.min.js]
[coderthemes.com/codefox_1.1/plugins/flot-chart/jquery.flot.time.js]
[coderthemes.com/codefox_1.1/plugins/flot-chart/jquery.flot.tooltip.min.js]
[coderthemes.com/codefox_1.1/plugins/flot-chart/jquery.flot.resize.js]
[coderthemes.com/codefox_1.1/plugins/flot-chart/jquery.flot.pie.js]
[coderthemes.com/codefox_1.1/plugins/flot-chart/jquery.flot.selection.js]
[coderthemes.com/codefox_1.1/plugins/flot-chart/jquery.flot.stack.js]
[coderthemes.com/codefox_1.1/plugins/flot-chart/jquery.flot.orderBars.min.js]
[coderthemes.com/codefox_1.1/plugins/flot-chart/jquery.flot.crosshair.js]
[coderthemes.com/codefox_1.1/light_1/assets/pages/jquery.flot.init.js]
[coderthemes.com/codefox_1.1/plugins/morris/morris.css]
[coderthemes.com/codefox_1.1/plugins/morris/morris.min.js]
[coderthemes.com/codefox_1.1/plugins/raphael/raphael-min.js]
[coderthemes.com/codefox_1.1/light_1/assets/pages/jquery.morris.init.js]
[coderthemes.com/codefox_1.1/light_1/assets/pages/jquery.google-charts.init.js]
[coderthemes.com/codefox_1.1/light_1/assets/pages/jquery.chartist.init.js]
[coderthemes.com/codefox_1.1/plugins/chart.js/chart.min.js]
[coderthemes.com/codefox_1.1/light_1/assets/pages/jquery.chartjs.init.js]
[coderthemes.com/codefox_1.1/plugins/c3/c3.min.css]
[coderthemes.com/codefox_1.1/plugins/d3/d3.min.js]
[coderthemes.com/codefox_1.1/plugins/c3/c3.min.js]
[coderthemes.com/codefox_1.1/light_1/assets/pages/jquery.c3-chart.init.js]
[coderthemes.com/codefox_1.1/plugins/jquery-sparkline/jquery.sparkline.min.js]
[coderthemes.com/codefox_1.1/light_1/assets/pages/jquery.charts-sparkline.js]
[coderthemes.com/codefox_1.1/plugins/jquery-knob/jquery.knob.js]
[coderthemes.com/codefox_1.1/plugins/bootstrap-tagsinput/css/bootstrap-tagsinput.css]
[coderthemes.com/codefox_1.1/plugins/select2/css/select2.min.css]
[coderthemes.com/codefox_1.1/plugins/bootstrap-touchspin/css/jquery.bootstrap-touchspin.min.css]
[coderthemes.com/codefox_1.1/plugins/switchery/switchery.min.css]
[coderthemes.com/codefox_1.1/plugins/switchery/switchery.min.js]
[coderthemes.com/codefox_1.1/plugins/bootstrap-tagsinput/js/bootstrap-tagsinput.min.js]
[coderthemes.com/codefox_1.1/plugins/select2/js/select2.min.js]
[coderthemes.com/codefox_1.1/plugins/bootstrap-filestyle/js/bootstrap-filestyle.min.js]
[coderthemes.com/codefox_1.1/plugins/bootstrap-touchspin/js/jquery.bootstrap-touchspin.min.js]
[coderthemes.com/codefox_1.1/plugins/bootstrap-maxlength/bootstrap-maxlength.min.js]
[coderthemes.com/codefox_1.1/plugins/autocomplete/jquery.mockjax.js]
[coderthemes.com/codefox_1.1/plugins/autocomplete/jquery.autocomplete.min.js]
[coderthemes.com/codefox_1.1/plugins/autocomplete/countries.js]
[coderthemes.com/codefox_1.1/light_1/assets/pages/jquery.autocomplete.init.js]
[coderthemes.com/codefox_1.1/light_1/assets/pages/jquery.form-advanced.init.js]
[coderthemes.com/codefox_1.1/plugins/parsleyjs/parsley.min.js]
[coderthemes.com/codefox_1.1/plugins/timepicker/bootstrap-timepicker.min.css]
[coderthemes.com/codefox_1.1/plugins/bootstrap-colorpicker/img/bootstrap-colorpicker/saturation.png]
[coderthemes.com/codefox_1.1/light_1/index-2.html]
[coderthemes.com/codefox_1.1/plugins/bootstrap-colorpicker/img/bootstrap-colorpicker/hue.png]
[coderthemes.com/codefox_1.1/plugins/bootstrap-colorpicker/img/bootstrap-colorpicker/saturation.png]
[coderthemes.com/codefox_1.1/plugins/bootstrap-colorpicker/img/bootstrap-colorpicker/alpha.png]
[coderthemes.com/codefox_1.1/plugins/bootstrap-colorpicker/img/bootstrap-colorpicker/hue-horizontal.png]
[coderthemes.com/codefox_1.1/plugins/bootstrap-colorpicker/css/bootstrap-colorpicker.min.css]
[coderthemes.com/codefox_1.1/plugins/bootstrap-datepicker/css/bootstrap-datepicker.min.css]
[coderthemes.com/codefox_1.1/plugins/bootstrap-colorpicker/img/bootstrap-colorpicker/alpha-horizontal.png]
[coderthemes.com/codefox_1.1/plugins/clockpicker/css/bootstrap-clockpicker.min.css]
[coderthemes.com/codefox_1.1/plugins/bootstrap-daterangepicker/daterangepicker.css]
[coderthemes.com/codefox_1.1/plugins/moment/moment.js]
[coderthemes.com/codefox_1.1/plugins/timepicker/bootstrap-timepicker.js]
[coderthemes.com/codefox_1.1/plugins/bootstrap-colorpicker/js/bootstrap-colorpicker.min.js]
[coderthemes.com/codefox_1.1/plugins/bootstrap-datepicker/js/bootstrap-datepicker.min.js]
[coderthemes.com/codefox_1.1/plugins/clockpicker/js/bootstrap-clockpicker.min.js]
[coderthemes.com/codefox_1.1/plugins/bootstrap-daterangepicker/daterangepicker.js]
[coderthemes.com/codefox_1.1/light_1/assets/pages/jquery.form-pickers.init.js]
[coderthemes.com/codefox_1.1/plugins/jquery.steps/css/jquery.steps.css]
[coderthemes.com/codefox_1.1/plugins/jquery.steps/js/jquery.steps.min.js]
[coderthemes.com/codefox_1.1/plugins/jquery-validation/js/jquery.validate.min.js]
[coderthemes.com/codefox_1.1/light_1/assets/pages/jquery.wizard-init.js]
[coderthemes.com/codefox_1.1/plugins/bootstrap-inputmask/bootstrap-inputmask.min.js]
[coderthemes.com/codefox_1.1/plugins/autoNumeric/autoNumeric.js]
[coderthemes.com/codefox_1.1/plugins/summernote/font/summernotef534.eot]
[coderthemes.com/codefox_1.1/plugins/summernote/font/summernoted41d.eot]
[coderthemes.com/codefox_1.1/plugins/summernote/font/summernotef534.woff]
[coderthemes.com/codefox_1.1/plugins/summernote/font/summernotef534.ttf]
[coderthemes.com/codefox_1.1/plugins/summernote/summernote.css]
[coderthemes.com/codefox_1.1/plugins/summernote/summernote.min.js]
[coderthemes.com/codefox_1.1/plugins/tinymce/tinymce.min.js]
[coderthemes.com/codefox_1.1/plugins/jquery.filer/css/jquery.filer.css]
[coderthemes.com/codefox_1.1/plugins/jquery.filer/css/themes/jquery.filer-dragdropbox-theme.css]
[coderthemes.com/codefox_1.1/plugins/bootstrap-fileupload/bootstrap-fileupload.css]
[coderthemes.com/codefox_1.1/plugins/jquery.filer/js/jquery.filer.min.js]
[coderthemes.com/codefox_1.1/plugins/bootstrap-fileupload/bootstrap-fileupload.js]
[coderthemes.com/codefox_1.1/light_1/assets/pages/jquery.fileuploads.init.js]
[coderthemes.com/codefox_1.1/plugins/datatables/jquery.dataTables.min.css]
[coderthemes.com/codefox_1.1/plugins/datatables/buttons.bootstrap.min.css]
[coderthemes.com/codefox_1.1/plugins/datatables/fixedHeader.bootstrap.min.css]
[coderthemes.com/codefox_1.1/plugins/datatables/responsive.bootstrap.min.css]
[coderthemes.com/codefox_1.1/plugins/datatables/scroller.bootstrap.min.css]
[coderthemes.com/codefox_1.1/plugins/datatables/dataTables.colVis.css]
[coderthemes.com/codefox_1.1/plugins/datatables/dataTables.bootstrap.min.css]
[coderthemes.com/codefox_1.1/plugins/datatables/fixedColumns.dataTables.min.css]
[coderthemes.com/codefox_1.1/plugins/datatables/jquery.dataTables.min.js]
[coderthemes.com/codefox_1.1/plugins/datatables/dataTables.bootstrap.js]
[coderthemes.com/codefox_1.1/plugins/datatables/dataTables.buttons.min.js]
[coderthemes.com/codefox_1.1/plugins/datatables/buttons.bootstrap.min.js]
[coderthemes.com/codefox_1.1/plugins/jquery.filer/assets/fonts/jquery.filer-icons/jquery-filer.css]
[coderthemes.com/codefox_1.1/plugins/datatables/jszip.min.js]
[coderthemes.com/codefox_1.1/plugins/datatables/pdfmake.min.js]
[coderthemes.com/codefox_1.1/plugins/datatables/vfs_fonts.js]
[coderthemes.com/codefox_1.1/plugins/datatables/buttons.html5.min.js]
[coderthemes.com/codefox_1.1/plugins/datatables/buttons.print.min.js]
[coderthemes.com/codefox_1.1/plugins/datatables/dataTables.fixedHeader.min.js]
[coderthemes.com/codefox_1.1/plugins/datatables/dataTables.keyTable.min.js]
[coderthemes.com/codefox_1.1/plugins/datatables/dataTables.responsive.min.js]
[coderthemes.com/codefox_1.1/plugins/datatables/responsive.bootstrap.min.js]
[coderthemes.com/codefox_1.1/plugins/datatables/dataTables.scroller.min.js]
[coderthemes.com/codefox_1.1/plugins/datatables/dataTables.colVis.js]
[coderthemes.com/codefox_1.1/plugins/datatables/dataTables.fixedColumns.min.js]
[coderthemes.com/codefox_1.1/light_1/assets/pages/jquery.datatables.init.js]
[coderthemes.com/codefox_1.1/plugins/responsive-table/css/rwd-table.min.css]
[coderthemes.com/codefox_1.1/plugins/responsive-table/js/rwd-table.min.js]
[coderthemes.com/codefox_1.1/plugins/tablesaw/css/tablesaw.css]
[coderthemes.com/codefox_1.1/plugins/tablesaw/js/tablesaw.js]
[coderthemes.com/codefox_1.1/plugins/tablesaw/js/tablesaw-init.js]
[coderthemes.com/codefox_1.1/plugins/magnific-popup/css/magnific-popup.css]
[coderthemes.com/codefox_1.1/plugins/jquery-datatables-editable/datatables.css]
[coderthemes.com/codefox_1.1/plugins/magnific-popup/js/jquery.magnific-popup.min.js]
[coderthemes.com/codefox_1.1/plugins/jquery-datatables-editable/jquery.dataTables.js]
[coderthemes.com/codefox_1.1/plugins/tiny-editable/mindmup-editabletable.js]
[coderthemes.com/codefox_1.1/plugins/tiny-editable/numeric-input-example.js]
[coderthemes.com/codefox_1.1/light_1/assets/pages/jquery.datatables.editable.init.js]
[coderthemes.com/codefox_1.1/plugins/sweet-alert2/sweetalert2.min.css]
[coderthemes.com/codefox_1.1/plugins/sweet-alert2/sweetalert2.min.js]
[coderthemes.com/codefox_1.1/light_1/assets/pages/jquery.sweet-alert.init.js]
[coderthemes.com/codefox_1.1/plugins/nestable/jquery.nestable.css]
[coderthemes.com/codefox_1.1/plugins/nestable/jquery.nestable.js]
[coderthemes.com/codefox_1.1/light_1/assets/pages/jquery.nestable.init.js]
[coderthemes.com/codefox_1.1/plugins/ion-rangeslider/ion.rangeSlider.css]
[coderthemes.com/codefox_1.1/plugins/ion-rangeslider/ion.rangeSlider.skinModern.css]
[coderthemes.com/codefox_1.1/plugins/ion-rangeslider/ion.rangeSlider.min.js]
[coderthemes.com/codefox_1.1/light_1/assets/pages/jquery.range-sliders.js]
[coderthemes.com/codefox_1.1/plugins/raty-fa/jquery.raty-fa.js]
[coderthemes.com/codefox_1.1/light_1/assets/pages/jquery.rating.js]
[coderthemes.com/codefox_1.1/plugins/fullcalendar/css/fullcalendar.min.css]
[coderthemes.com/codefox_1.1/plugins/jquery-ui/jquery-ui.min.js]
[coderthemes.com/codefox_1.1/plugins/fullcalendar/js/fullcalendar.min.js]
[coderthemes.com/codefox_1.1/light_1/assets/pages/jquery.calendar.js]
[coderthemes.com/codefox_1.1/plugins/gmaps/gmaps.min.js]
[coderthemes.com/codefox_1.1/light_1/assets/pages/jquery.gmaps.js]
[coderthemes.com/codefox_1.1/plugins/ion-rangeslider/sprite-skin-modern.png]
[coderthemes.com/codefox_1.1/plugins/jvectormap/jquery-jvectormap-2.0.2.css]
[coderthemes.com/codefox_1.1/plugins/jvectormap/jquery-jvectormap-2.0.2.min.js]
[coderthemes.com/codefox_1.1/plugins/jvectormap/jquery-jvectormap-world-mill-en.js]
[coderthemes.com/codefox_1.1/plugins/jvectormap/gdp-data.js]
[coderthemes.com/codefox_1.1/plugins/jvectormap/jquery-jvectormap-us-aea-en.js]
[coderthemes.com/codefox_1.1/plugins/jvectormap/jquery-jvectormap-uk-mill-en.js]
[coderthemes.com/codefox_1.1/plugins/jvectormap/jquery-jvectormap-au-mill.js]
[coderthemes.com/codefox_1.1/plugins/jvectormap/jquery-jvectormap-us-il-chicago-mill-en.js]
[coderthemes.com/codefox_1.1/plugins/jvectormap/jquery-jvectormap-ca-lcc.js]
[coderthemes.com/codefox_1.1/plugins/jvectormap/jquery-jvectormap-de-mill.js]
[coderthemes.com/codefox_1.1/plugins/jvectormap/jquery-jvectormap-in-mill.js]
[coderthemes.com/codefox_1.1/plugins/jvectormap/jquery-jvectormap-asia-mill.js]
[coderthemes.com/codefox_1.1/light_1/assets/pages/jquery.jvectormap.init.js]
[coderthemes.com/codefox_1.1/plugins/jquery-mapael/raphael-min.js]
[coderthemes.com/codefox_1.1/plugins/jquery-mapael/jquery.mapael.min.js]
[coderthemes.com/codefox_1.1/plugins/jquery-mousewheel/jquery.mousewheel.min.js]
[coderthemes.com/codefox_1.1/plugins/jquery-mapael/maps/world_countries.min.js]
[coderthemes.com/codefox_1.1/plugins/jquery-mapael/maps/usa_states.min.js]
[coderthemes.com/codefox_1.1/light_1/assets/pages/jquery.mapael-map.init.js]
[coderthemes.com/codefox_1.1/plugins/count-down/jquery.lwtCountdown-1.0.js]
[coderthemes.com/codefox_1.1/light_1/assets/fonts/glyphicons-halflings-regular.svg]
[coderthemes.com/codefox_1.1/light_1/assets/fonts/fontawesome-webfont3e6e.svg]
[coderthemes.com/codefox_1.1/light_1/assets/fonts/materialdesignicons-webfont6c9c.svg]
[coderthemes.com/codefox_1.1/light_1/assets/fonts/feather-webfont.svg]
[coderthemes.com/codefox_1.1/light_1/assets/fonts/dripicons-v2.svg]
[coderthemes.com/codefox_1.1/light_1/Popover requires tooltip.html]
[coderthemes.com/codefox_1.1/light_1/GET.html]
[coderthemes.com/codefox_1.1/light_1/edge/index.html]
[coderthemes.com/codefox_1.1/light_1/assets/images/icons/up.svg]
[coderthemes.com/codefox_1.1/light_1/core/core.html]
[coderthemes.com/codefox_1.1/light_1/core/core.plugin.html]
[coderthemes.com/codefox_1.1/light_1/options.time.format is deprecated and replaced by options.time.parser. See http_/nnnick.github.io/Chart.js/docs-v2/index.html]
[coderthemes.com/codefox_1.1/light_1/index-2.html]
[coderthemes.com/codefox_1.1/light_1/specified parentLocale is not defined yet. See http_/momentjs.com/guides/index.html]
[coderthemes.com/codefox_1.1/light_1/isDSTShifted is deprecated. See http_/momentjs.com/guides/index.html]
[coderthemes.com/codefox_1.1/light_1/clipboard.html]
[coderthemes.com/codefox_1.1/light_1/image/index.html]
[coderthemes.com/codefox_1.1/light_1/Trident/index.html]
[coderthemes.com/codefox_1.1/light_1/Edge/index-2.html]
[coderthemes.com/codefox_1.1/plugins/jquery.filer/assets/fonts/jquery.filer-icons/jquery-filer.eot]
[coderthemes.com/codefox_1.1/plugins/jquery.filer/assets/fonts/jquery.filer-icons/jquery-filerd41d.eot]
[coderthemes.com/codefox_1.1/plugins/jquery.filer/assets/fonts/jquery.filer-icons/jquery-filer.woff]
[coderthemes.com/codefox_1.1/plugins/jquery.filer/assets/fonts/jquery.filer-icons/jquery-filer.ttf]
[coderthemes.com/codefox_1.1/plugins/jquery.filer/assets/fonts/jquery.filer-icons/jquery-filer.woff]
[coderthemes.com/codefox_1.1/plugins/jquery.filer/assets/fonts/jquery.filer-icons/jquery-filer.css]
[coderthemes.com/codefox_1.1/light_1/zlib/deflate.html]
[coderthemes.com/codefox_1.1/light_1/zlib/inflate.html]
[coderthemes.com/codefox_1.1/light_1/[Content_Types].html]
[coderthemes.com/codefox_1.1/light_1/workbook.html]
[coderthemes.com/codefox_1.1/light_1/sheet1.html]
[coderthemes.com/codefox_1.1/light_1/buttons.html]
[coderthemes.com/codefox_1.1/plugins/jquery.filer/assets/fonts/jquery.filer-icons/jquery-filer.svg]
[coderthemes.com/codefox_1.1/plugins/jquery.filer/assets/fonts/jquery.filer-icons/jquery-filer.svg]
